2018-01-29 09:44:09.6675 | Info | DB tables already exist. Exit install 
2018-01-29 09:44:09.7698 | Info | Starting Hangfire Server 
2018-01-29 09:44:09.7817 | Info | Using job storage: 'Server: 192.168.0.180@Hydra.Admin' 
2018-01-29 09:44:09.7817 | Info | Using the following options for SQL Server job storage: 
2018-01-29 09:44:09.7817 | Info |     Queue poll interval: 00:00:15. 
2018-01-29 09:44:09.7817 | Info | Using the following options for Hangfire Server: 
2018-01-29 09:44:09.7817 | Info |     Worker count: 20 
2018-01-29 09:44:09.7817 | Info |     Listening queues: 'default' 
2018-01-29 09:44:09.7817 | Info |     Shutdown timeout: 00:00:15 
2018-01-29 09:44:09.7951 | Info |     Schedule polling interval: 00:00:15 
2018-01-29 09:44:10.6338 | Info | 1 servers were removed due to timeout 
2018-01-29 09:44:11.2203 | Info | Request starting HTTP/1.1 GET http://localhost:18346/   
2018-01-29 09:44:11.3748 | Info | Request finished in 160.2358ms 404  
2018-01-29 11:30:23.6542 | Info | DB tables already exist. Exit install 
2018-01-29 11:30:23.7424 | Info | Starting Hangfire Server 
2018-01-29 11:30:23.7474 | Info | Using job storage: 'Server: 192.168.0.180@Hydra.Admin' 
2018-01-29 11:30:23.7474 | Info | Using the following options for SQL Server job storage: 
2018-01-29 11:30:23.7474 | Info |     Queue poll interval: 00:00:15. 
2018-01-29 11:30:23.7474 | Info | Using the following options for Hangfire Server: 
2018-01-29 11:30:23.7474 | Info |     Worker count: 20 
2018-01-29 11:30:23.7474 | Info |     Listening queues: 'default' 
2018-01-29 11:30:23.7474 | Info |     Shutdown timeout: 00:00:15 
2018-01-29 11:30:23.7474 | Info |     Schedule polling interval: 00:00:15 
2018-01-29 11:30:24.5097 | Info | 1 servers were removed due to timeout 
2018-01-29 11:30:24.9471 | Info | Request starting HTTP/1.1 GET http://localhost:18346/   
2018-01-29 11:30:24.9618 | Info | Request finished in 20.5556ms 404  
