2018-01-31 14:18:46.6961 | Info | DB tables already exist. Exit install 
2018-01-31 14:18:46.7841 | Info | Starting Hangfire Server 
2018-01-31 14:18:46.7913 | Info | Using job storage: 'Server: 192.168.0.180@Hydra.Admin' 
2018-01-31 14:18:46.7913 | Info | Using the following options for SQL Server job storage: 
2018-01-31 14:18:46.7913 | Info |     Queue poll interval: 00:00:15. 
2018-01-31 14:18:46.7913 | Info | Using the following options for Hangfire Server: 
2018-01-31 14:18:46.7913 | Info |     Worker count: 20 
2018-01-31 14:18:46.7913 | Info |     Listening queues: 'default' 
2018-01-31 14:18:46.8202 | Info |     Shutdown timeout: 00:00:15 
2018-01-31 14:18:46.8202 | Info |     Schedule polling interval: 00:00:15 
2018-01-31 14:18:47.1372 | Info | 1 servers were removed due to timeout 
2018-01-31 14:18:47.9636 | Info | Request starting HTTP/1.1 GET http://localhost:18346/   
2018-01-31 14:18:47.9636 | Info | Request finished in 17.5756ms 404  
2018-01-31 15:03:39.7666 | Info | DB tables already exist. Exit install 
2018-01-31 15:03:40.1258 | Info | Starting Hangfire Server 
2018-01-31 15:03:40.7216 | Info | Using job storage: 'Server: 192.168.0.180@Hydra.Admin' 
2018-01-31 15:03:40.8369 | Info | Using the following options for SQL Server job storage: 
2018-01-31 15:03:40.9189 | Info |     Queue poll interval: 00:00:15. 
2018-01-31 15:03:40.9561 | Info | Using the following options for Hangfire Server: 
2018-01-31 15:03:40.9875 | Info |     Worker count: 20 
2018-01-31 15:03:41.0004 | Info |     Listening queues: 'default' 
2018-01-31 15:03:41.0195 | Info |     Shutdown timeout: 00:00:15 
2018-01-31 15:03:41.0398 | Info |     Schedule polling interval: 00:00:15 
2018-01-31 15:03:41.7569 | Info | 1 servers were removed due to timeout 
2018-01-31 15:03:43.1465 | Info | Request starting HTTP/1.1 GET http://localhost:18346/   
2018-01-31 15:03:43.2259 | Info | Request finished in 65.8843ms 404  
2018-01-31 15:03:43.2553 | Info | Request starting HTTP/1.1 GET http://localhost:18346/favicon.ico   
2018-01-31 15:03:43.2631 | Info | Request finished in 5.8538ms 404  
2018-01-31 15:05:57.8565 | Info | DB tables already exist. Exit install 
2018-01-31 15:05:57.9406 | Info | Starting Hangfire Server 
2018-01-31 15:05:57.9406 | Info | Using job storage: 'Server: 192.168.0.180@Hydra.Admin' 
2018-01-31 15:05:57.9487 | Info | Using the following options for SQL Server job storage: 
2018-01-31 15:05:57.9487 | Info |     Queue poll interval: 00:00:15. 
2018-01-31 15:05:57.9487 | Info | Using the following options for Hangfire Server: 
2018-01-31 15:05:57.9487 | Info |     Worker count: 20 
2018-01-31 15:05:57.9487 | Info |     Listening queues: 'default' 
2018-01-31 15:05:57.9487 | Info |     Shutdown timeout: 00:00:15 
2018-01-31 15:05:57.9487 | Info |     Schedule polling interval: 00:00:15 
2018-01-31 15:05:58.8927 | Info | Request starting HTTP/1.1 GET http://localhost:18346/   
2018-01-31 15:05:58.9029 | Info | Request finished in 14.8948ms 404  
2018-01-31 15:09:46.7084 | Info | DB tables already exist. Exit install 
2018-01-31 15:09:46.8201 | Info | Starting Hangfire Server 
2018-01-31 15:09:46.8331 | Info | Using job storage: 'Server: 192.168.0.180@Hydra.Admin' 
2018-01-31 15:09:46.8431 | Info | Using the following options for SQL Server job storage: 
2018-01-31 15:09:46.8431 | Info |     Queue poll interval: 00:00:15. 
2018-01-31 15:09:46.8604 | Info | Using the following options for Hangfire Server: 
2018-01-31 15:09:46.8604 | Info |     Worker count: 20 
2018-01-31 15:09:46.8742 | Info |     Listening queues: 'default' 
2018-01-31 15:09:46.8742 | Info |     Shutdown timeout: 00:00:15 
2018-01-31 15:09:46.8742 | Info |     Schedule polling interval: 00:00:15 
2018-01-31 15:09:47.7814 | Info | 1 servers were removed due to timeout 
2018-01-31 15:09:48.5679 | Info | Request starting HTTP/1.1 GET http://localhost:18346/   
2018-01-31 15:09:48.6011 | Info | Request finished in 37.1363ms 404  
2018-01-31 15:09:48.6236 | Info | Request starting HTTP/1.1 GET http://localhost:18346/favicon.ico   
2018-01-31 15:09:48.6236 | Info | Request finished in 5.7258ms 404  
2018-01-31 15:12:07.6704 | Info | DB tables already exist. Exit install 
2018-01-31 15:12:07.7730 | Info | Starting Hangfire Server 
2018-01-31 15:12:07.7836 | Info | Using job storage: 'Server: 192.168.0.180@Hydra.Admin' 
2018-01-31 15:12:07.7836 | Info | Using the following options for SQL Server job storage: 
2018-01-31 15:12:07.7999 | Info |     Queue poll interval: 00:00:15. 
2018-01-31 15:12:07.8081 | Info | Using the following options for Hangfire Server: 
2018-01-31 15:12:07.8081 | Info |     Worker count: 20 
2018-01-31 15:12:07.8316 | Info |     Listening queues: 'default' 
2018-01-31 15:12:07.8316 | Info |     Shutdown timeout: 00:00:15 
2018-01-31 15:12:07.8464 | Info |     Schedule polling interval: 00:00:15 
2018-01-31 15:12:09.6027 | Info | Request starting HTTP/1.1 GET http://localhost:18346/   
2018-01-31 15:12:09.6532 | Info | Request finished in 44.4059ms 404  
2018-01-31 15:12:09.6705 | Info | Request starting HTTP/1.1 GET http://localhost:18346/favicon.ico   
2018-01-31 15:12:09.6705 | Info | Request finished in 5.8801ms 404  
2018-01-31 15:12:45.9180 | Info | DB tables already exist. Exit install 
2018-01-31 15:12:46.0357 | Info | Starting Hangfire Server 
2018-01-31 15:12:46.0498 | Info | Using job storage: 'Server: 192.168.0.180@Hydra.Admin' 
2018-01-31 15:12:46.0624 | Info | Using the following options for SQL Server job storage: 
2018-01-31 15:12:46.0624 | Info |     Queue poll interval: 00:00:15. 
2018-01-31 15:12:46.0824 | Info | Using the following options for Hangfire Server: 
2018-01-31 15:12:46.0900 | Info |     Worker count: 20 
2018-01-31 15:12:46.0900 | Info |     Listening queues: 'default' 
2018-01-31 15:12:46.1031 | Info |     Shutdown timeout: 00:00:15 
2018-01-31 15:12:46.1031 | Info |     Schedule polling interval: 00:00:15 
2018-01-31 15:12:46.9856 | Info | 1 servers were removed due to timeout 
2018-01-31 15:12:47.6815 | Info | Request starting HTTP/1.1 GET http://localhost:18346/   
2018-01-31 15:12:47.7151 | Info | Request finished in 34.656ms 404  
2018-01-31 15:12:47.7337 | Info | Request starting HTTP/1.1 GET http://localhost:18346/favicon.ico   
2018-01-31 15:12:47.7337 | Info | Request finished in 9.2222ms 404  
2018-01-31 15:13:58.6961 | Info | DB tables already exist. Exit install 
2018-01-31 15:13:58.8035 | Info | Starting Hangfire Server 
2018-01-31 15:13:58.8195 | Info | Using job storage: 'Server: 192.168.0.180@Hydra.Admin' 
2018-01-31 15:13:58.8521 | Info | Using the following options for SQL Server job storage: 
2018-01-31 15:13:58.8605 | Info |     Queue poll interval: 00:00:15. 
2018-01-31 15:13:58.8605 | Info | Using the following options for Hangfire Server: 
2018-01-31 15:13:58.8799 | Info |     Worker count: 20 
2018-01-31 15:13:58.8890 | Info |     Listening queues: 'default' 
2018-01-31 15:13:58.8890 | Info |     Shutdown timeout: 00:00:15 
2018-01-31 15:13:58.9091 | Info |     Schedule polling interval: 00:00:15 
2018-01-31 15:14:00.6389 | Info | Request starting HTTP/1.1 GET http://localhost:18346/   
2018-01-31 15:14:00.7010 | Info | Request finished in 45.3341ms 404  
2018-01-31 15:14:00.7260 | Info | Request starting HTTP/1.1 GET http://localhost:18346/favicon.ico   
2018-01-31 15:14:00.7498 | Info | Request finished in 9.7919ms 404  
2018-01-31 15:16:26.0042 | Info | DB tables already exist. Exit install 
2018-01-31 15:16:26.0796 | Info | Starting Hangfire Server 
2018-01-31 15:16:26.0796 | Info | Using job storage: 'Server: 192.168.0.180@Hydra.Admin' 
2018-01-31 15:16:26.0796 | Info | Using the following options for SQL Server job storage: 
2018-01-31 15:16:26.0796 | Info |     Queue poll interval: 00:00:15. 
2018-01-31 15:16:26.0883 | Info | Using the following options for Hangfire Server: 
2018-01-31 15:16:26.0883 | Info |     Worker count: 20 
2018-01-31 15:16:26.0883 | Info |     Listening queues: 'default' 
2018-01-31 15:16:26.0883 | Info |     Shutdown timeout: 00:00:15 
2018-01-31 15:16:26.0883 | Info |     Schedule polling interval: 00:00:15 
2018-01-31 15:16:26.3738 | Info | 1 servers were removed due to timeout 
2018-01-31 15:16:26.9556 | Info | Request starting HTTP/1.1 GET http://localhost:18346/   
2018-01-31 15:16:26.9669 | Info | Request finished in 16.6227ms 404  
