2018-02-09 08:44:48.0381 | Info | DB tables already exist. Exit install 
2018-02-09 08:44:48.1240 | Info | Starting Hangfire Server 
2018-02-09 08:44:48.1240 | Info | Using job storage: 'Server: 192.168.0.180@Hydra.Admin' 
2018-02-09 08:44:48.1240 | Info | Using the following options for SQL Server job storage: 
2018-02-09 08:44:48.1369 | Info |     Queue poll interval: 00:00:15. 
2018-02-09 08:44:48.1369 | Info | Using the following options for Hangfire Server: 
2018-02-09 08:44:48.1369 | Info |     Worker count: 20 
2018-02-09 08:44:48.1369 | Info |     Listening queues: 'default' 
2018-02-09 08:44:48.1574 | Info |     Shutdown timeout: 00:00:15 
2018-02-09 08:44:48.1574 | Info |     Schedule polling interval: 00:00:15 
2018-02-09 08:44:48.8645 | Info | Request starting HTTP/1.1 GET http://localhost:18346/   
2018-02-09 08:44:48.8816 | Info | Request finished in 22.5211ms 404  
2018-02-09 08:49:48.4793 | Info | 1 servers were removed due to timeout 
2018-02-09 09:42:57.0978 | Info | DB tables already exist. Exit install 
2018-02-09 09:42:57.1709 | Info | Starting Hangfire Server 
2018-02-09 09:42:57.1709 | Info | Using job storage: 'Server: 192.168.0.180@Hydra.Admin' 
2018-02-09 09:42:57.1709 | Info | Using the following options for SQL Server job storage: 
2018-02-09 09:42:57.1709 | Info |     Queue poll interval: 00:00:15. 
2018-02-09 09:42:57.1709 | Info | Using the following options for Hangfire Server: 
2018-02-09 09:42:57.1709 | Info |     Worker count: 20 
2018-02-09 09:42:57.1709 | Info |     Listening queues: 'default' 
2018-02-09 09:42:57.1823 | Info |     Shutdown timeout: 00:00:15 
2018-02-09 09:42:57.1823 | Info |     Schedule polling interval: 00:00:15 
2018-02-09 09:42:57.8946 | Info | Request starting HTTP/1.1 GET http://localhost:18346/   
2018-02-09 09:42:57.9060 | Info | Request finished in 15.9501ms 404  
2018-02-09 09:47:57.4536 | Info | 1 servers were removed due to timeout 
