2018-01-27 00:00:03.2082 | Debug | 执行 SQL 语句 如下:INSERT INTO `playerOnline`  
           (`Id`,`OLPlayer`,`YMD`,`HM`,`CreateTime`)
     VALUES
           (@Id,@OLPlayer,@YMD,@HM,@CreateTime) ; 
2018-01-27 00:00:03.2082 | Debug |  提交参数 :{"@Id":201801270000,"@OLPlayer":17,"@YMD":20180127,"@HM":0,"@CreateTime":"2018-01-27T00:00:03.2065084+08:00"} 
2018-01-27 00:02:41.9777 | Debug | Aggregating records in 'Counter' table... 
2018-01-27 00:05:03.1699 | Debug | 执行 SQL 语句 如下:INSERT INTO `playerOnline`  
           (`Id`,`OLPlayer`,`YMD`,`HM`,`CreateTime`)
     VALUES
           (@Id,@OLPlayer,@YMD,@HM,@CreateTime) ; 
2018-01-27 00:05:03.1699 | Debug |  提交参数 :{"@Id":201801270005,"@OLPlayer":17,"@YMD":20180127,"@HM":5,"@CreateTime":"2018-01-27T00:05:03.1694859+08:00"} 
2018-01-27 00:07:42.0207 | Debug | Aggregating records in 'Counter' table... 
2018-01-27 00:10:03.5992 | Debug | 执行 SQL 语句 如下:INSERT INTO `playerOnline`  
           (`Id`,`OLPlayer`,`YMD`,`HM`,`CreateTime`)
     VALUES
           (@Id,@OLPlayer,@YMD,@HM,@CreateTime) ; 
2018-01-27 00:10:03.5992 | Debug |  提交参数 :{"@Id":201801270010,"@OLPlayer":17,"@YMD":20180127,"@HM":10,"@CreateTime":"2018-01-27T00:10:03.5987521+08:00"} 
2018-01-27 00:12:42.0835 | Debug | Aggregating records in 'Counter' table... 
2018-01-27 00:15:03.8478 | Debug | 执行 SQL 语句 如下:INSERT INTO `playerOnline`  
           (`Id`,`OLPlayer`,`YMD`,`HM`,`CreateTime`)
     VALUES
           (@Id,@OLPlayer,@YMD,@HM,@CreateTime) ; 
2018-01-27 00:15:03.8478 | Debug |  提交参数 :{"@Id":201801270015,"@OLPlayer":17,"@YMD":20180127,"@HM":15,"@CreateTime":"2018-01-27T00:15:03.8473661+08:00"} 
2018-01-27 00:17:42.1270 | Debug | Aggregating records in 'Counter' table... 
2018-01-27 00:20:04.2178 | Debug | 执行 SQL 语句 如下:INSERT INTO `playerOnline`  
           (`Id`,`OLPlayer`,`YMD`,`HM`,`CreateTime`)
     VALUES
           (@Id,@OLPlayer,@YMD,@HM,@CreateTime) ; 
2018-01-27 00:20:04.2178 | Debug |  提交参数 :{"@Id":201801270020,"@OLPlayer":17,"@YMD":20180127,"@HM":20,"@CreateTime":"2018-01-27T00:20:04.2165469+08:00"} 
2018-01-27 00:22:42.1751 | Debug | Aggregating records in 'Counter' table... 
2018-01-27 00:25:04.4810 | Debug | 执行 SQL 语句 如下:INSERT INTO `playerOnline`  
           (`Id`,`OLPlayer`,`YMD`,`HM`,`CreateTime`)
     VALUES
           (@Id,@OLPlayer,@YMD,@HM,@CreateTime) ; 
2018-01-27 00:25:04.4810 | Debug |  提交参数 :{"@Id":201801270025,"@OLPlayer":17,"@YMD":20180127,"@HM":25,"@CreateTime":"2018-01-27T00:25:04.48044+08:00"} 
2018-01-27 00:27:42.2115 | Debug | Aggregating records in 'Counter' table... 
2018-01-27 00:30:04.8409 | Debug | 执行 SQL 语句 如下:INSERT INTO `playerOnline`  
           (`Id`,`OLPlayer`,`YMD`,`HM`,`CreateTime`)
     VALUES
           (@Id,@OLPlayer,@YMD,@HM,@CreateTime) ; 
2018-01-27 00:30:04.8409 | Debug |  提交参数 :{"@Id":201801270030,"@OLPlayer":17,"@YMD":20180127,"@HM":30,"@CreateTime":"2018-01-27T00:30:04.8404993+08:00"} 
2018-01-27 00:32:42.2430 | Debug | Aggregating records in 'Counter' table... 
2018-01-27 00:35:05.4218 | Debug | 执行 SQL 语句 如下:INSERT INTO `playerOnline`  
           (`Id`,`OLPlayer`,`YMD`,`HM`,`CreateTime`)
     VALUES
           (@Id,@OLPlayer,@YMD,@HM,@CreateTime) ; 
2018-01-27 00:35:05.4218 | Debug |  提交参数 :{"@Id":201801270035,"@OLPlayer":17,"@YMD":20180127,"@HM":35,"@CreateTime":"2018-01-27T00:35:05.4214567+08:00"} 
2018-01-27 00:37:42.2870 | Debug | Aggregating records in 'Counter' table... 
2018-01-27 00:37:46.5681 | Debug | Removing outdated records from table 'AggregatedCounter'... 
2018-01-27 00:37:46.5681 | Debug | delete from `AggregatedCounter` where ExpireAt < @now limit @count; 
2018-01-27 00:37:46.6231 | Debug | removed records count=0 
2018-01-27 00:37:46.6231 | Debug | Removing outdated records from table 'Job'... 
2018-01-27 00:37:46.6278 | Debug | delete from `Job` where ExpireAt < @now limit @count; 
2018-01-27 00:37:46.6733 | Debug | removed records count=0 
2018-01-27 00:37:46.6744 | Debug | Removing outdated records from table 'List'... 
2018-01-27 00:37:46.6744 | Debug | delete from `List` where ExpireAt < @now limit @count; 
2018-01-27 00:37:46.7232 | Debug | removed records count=0 
2018-01-27 00:37:46.7232 | Debug | Removing outdated records from table 'Set'... 
2018-01-27 00:37:46.7232 | Debug | delete from `Set` where ExpireAt < @now limit @count; 
2018-01-27 00:37:46.7732 | Debug | removed records count=0 
2018-01-27 00:37:46.7732 | Debug | Removing outdated records from table 'Hash'... 
2018-01-27 00:37:46.7732 | Debug | delete from `Hash` where ExpireAt < @now limit @count; 
2018-01-27 00:37:46.8232 | Debug | removed records count=0 
2018-01-27 00:40:05.3545 | Debug | 执行 SQL 语句 如下:INSERT INTO `playerOnline`  
           (`Id`,`OLPlayer`,`YMD`,`HM`,`CreateTime`)
     VALUES
           (@Id,@OLPlayer,@YMD,@HM,@CreateTime) ; 
2018-01-27 00:40:05.3545 | Debug |  提交参数 :{"@Id":201801270040,"@OLPlayer":17,"@YMD":20180127,"@HM":40,"@CreateTime":"2018-01-27T00:40:05.3539924+08:00"} 
2018-01-27 00:42:42.3364 | Debug | Aggregating records in 'Counter' table... 
2018-01-27 00:45:05.6641 | Debug | 执行 SQL 语句 如下:INSERT INTO `playerOnline`  
           (`Id`,`OLPlayer`,`YMD`,`HM`,`CreateTime`)
     VALUES
           (@Id,@OLPlayer,@YMD,@HM,@CreateTime) ; 
2018-01-27 00:45:05.6641 | Debug |  提交参数 :{"@Id":201801270045,"@OLPlayer":17,"@YMD":20180127,"@HM":45,"@CreateTime":"2018-01-27T00:45:05.6634747+08:00"} 
2018-01-27 00:47:42.3633 | Debug | Aggregating records in 'Counter' table... 
2018-01-27 00:50:06.1669 | Debug | 执行 SQL 语句 如下:INSERT INTO `playerOnline`  
           (`Id`,`OLPlayer`,`YMD`,`HM`,`CreateTime`)
     VALUES
           (@Id,@OLPlayer,@YMD,@HM,@CreateTime) ; 
2018-01-27 00:50:06.1669 | Debug |  提交参数 :{"@Id":201801270050,"@OLPlayer":17,"@YMD":20180127,"@HM":50,"@CreateTime":"2018-01-27T00:50:06.1661572+08:00"} 
2018-01-27 00:52:42.4049 | Debug | Aggregating records in 'Counter' table... 
2018-01-27 00:55:06.6576 | Debug | 执行 SQL 语句 如下:INSERT INTO `playerOnline`  
           (`Id`,`OLPlayer`,`YMD`,`HM`,`CreateTime`)
     VALUES
           (@Id,@OLPlayer,@YMD,@HM,@CreateTime) ; 
2018-01-27 00:55:06.6586 | Debug |  提交参数 :{"@Id":201801270055,"@OLPlayer":17,"@YMD":20180127,"@HM":55,"@CreateTime":"2018-01-27T00:55:06.6571609+08:00"} 
2018-01-27 00:57:42.4446 | Debug | Aggregating records in 'Counter' table... 
2018-01-27 01:00:06.3999 | Debug | 执行 SQL 语句 如下:INSERT INTO `playerOnline`  
           (`Id`,`OLPlayer`,`YMD`,`HM`,`CreateTime`)
     VALUES
           (@Id,@OLPlayer,@YMD,@HM,@CreateTime) ; 
2018-01-27 01:00:06.3999 | Debug |  提交参数 :{"@Id":201801270100,"@OLPlayer":17,"@YMD":20180127,"@HM":100,"@CreateTime":"2018-01-27T01:00:06.3995184+08:00"} 
2018-01-27 01:02:42.4844 | Debug | Aggregating records in 'Counter' table... 
2018-01-27 01:05:06.6867 | Debug | 执行 SQL 语句 如下:INSERT INTO `playerOnline`  
           (`Id`,`OLPlayer`,`YMD`,`HM`,`CreateTime`)
     VALUES
           (@Id,@OLPlayer,@YMD,@HM,@CreateTime) ; 
2018-01-27 01:05:06.6867 | Debug |  提交参数 :{"@Id":201801270105,"@OLPlayer":17,"@YMD":20180127,"@HM":105,"@CreateTime":"2018-01-27T01:05:06.6862582+08:00"} 
2018-01-27 01:07:42.5411 | Debug | Aggregating records in 'Counter' table... 
2018-01-27 01:10:06.6974 | Debug | 执行 SQL 语句 如下:INSERT INTO `playerOnline`  
           (`Id`,`OLPlayer`,`YMD`,`HM`,`CreateTime`)
     VALUES
           (@Id,@OLPlayer,@YMD,@HM,@CreateTime) ; 
2018-01-27 01:10:06.6974 | Debug |  提交参数 :{"@Id":201801270110,"@OLPlayer":17,"@YMD":20180127,"@HM":110,"@CreateTime":"2018-01-27T01:10:06.6970069+08:00"} 
2018-01-27 01:12:42.5910 | Debug | Aggregating records in 'Counter' table... 
2018-01-27 01:15:07.4646 | Debug | 执行 SQL 语句 如下:INSERT INTO `playerOnline`  
           (`Id`,`OLPlayer`,`YMD`,`HM`,`CreateTime`)
     VALUES
           (@Id,@OLPlayer,@YMD,@HM,@CreateTime) ; 
2018-01-27 01:15:07.4646 | Debug |  提交参数 :{"@Id":201801270115,"@OLPlayer":17,"@YMD":20180127,"@HM":115,"@CreateTime":"2018-01-27T01:15:07.4641775+08:00"} 
2018-01-27 01:17:42.6426 | Debug | Aggregating records in 'Counter' table... 
2018-01-27 01:20:07.6814 | Debug | 执行 SQL 语句 如下:INSERT INTO `playerOnline`  
           (`Id`,`OLPlayer`,`YMD`,`HM`,`CreateTime`)
     VALUES
           (@Id,@OLPlayer,@YMD,@HM,@CreateTime) ; 
2018-01-27 01:20:07.6814 | Debug |  提交参数 :{"@Id":201801270120,"@OLPlayer":17,"@YMD":20180127,"@HM":120,"@CreateTime":"2018-01-27T01:20:07.6798228+08:00"} 
2018-01-27 01:22:42.6858 | Debug | Aggregating records in 'Counter' table... 
2018-01-27 01:25:07.3211 | Debug | 执行 SQL 语句 如下:INSERT INTO `playerOnline`  
           (`Id`,`OLPlayer`,`YMD`,`HM`,`CreateTime`)
     VALUES
           (@Id,@OLPlayer,@YMD,@HM,@CreateTime) ; 
2018-01-27 01:25:07.3211 | Debug |  提交参数 :{"@Id":201801270125,"@OLPlayer":17,"@YMD":20180127,"@HM":125,"@CreateTime":"2018-01-27T01:25:07.3205596+08:00"} 
2018-01-27 01:27:42.7255 | Debug | Aggregating records in 'Counter' table... 
2018-01-27 01:30:07.5430 | Debug | 执行 SQL 语句 如下:INSERT INTO `playerOnline`  
           (`Id`,`OLPlayer`,`YMD`,`HM`,`CreateTime`)
     VALUES
           (@Id,@OLPlayer,@YMD,@HM,@CreateTime) ; 
2018-01-27 01:30:07.5430 | Debug |  提交参数 :{"@Id":201801270130,"@OLPlayer":17,"@YMD":20180127,"@HM":130,"@CreateTime":"2018-01-27T01:30:07.542606+08:00"} 
2018-01-27 01:32:42.7665 | Debug | Aggregating records in 'Counter' table... 
2018-01-27 01:35:08.0105 | Debug | 执行 SQL 语句 如下:INSERT INTO `playerOnline`  
           (`Id`,`OLPlayer`,`YMD`,`HM`,`CreateTime`)
     VALUES
           (@Id,@OLPlayer,@YMD,@HM,@CreateTime) ; 
2018-01-27 01:35:08.0105 | Debug |  提交参数 :{"@Id":201801270135,"@OLPlayer":17,"@YMD":20180127,"@HM":135,"@CreateTime":"2018-01-27T01:35:08.0097613+08:00"} 
2018-01-27 01:37:42.8053 | Debug | Aggregating records in 'Counter' table... 
2018-01-27 01:37:46.8244 | Debug | Removing outdated records from table 'AggregatedCounter'... 
2018-01-27 01:37:46.8244 | Debug | delete from `AggregatedCounter` where ExpireAt < @now limit @count; 
2018-01-27 01:37:46.8851 | Debug | removed records count=0 
2018-01-27 01:37:46.8851 | Debug | Removing outdated records from table 'Job'... 
2018-01-27 01:37:46.8851 | Debug | delete from `Job` where ExpireAt < @now limit @count; 
2018-01-27 01:37:46.9560 | Debug | removed records count=0 
2018-01-27 01:37:46.9560 | Debug | Removing outdated records from table 'List'... 
2018-01-27 01:37:46.9560 | Debug | delete from `List` where ExpireAt < @now limit @count; 
2018-01-27 01:37:47.0101 | Debug | removed records count=0 
2018-01-27 01:37:47.0101 | Debug | Removing outdated records from table 'Set'... 
2018-01-27 01:37:47.0101 | Debug | delete from `Set` where ExpireAt < @now limit @count; 
2018-01-27 01:37:47.0685 | Debug | removed records count=0 
2018-01-27 01:37:47.0685 | Debug | Removing outdated records from table 'Hash'... 
2018-01-27 01:37:47.0685 | Debug | delete from `Hash` where ExpireAt < @now limit @count; 
2018-01-27 01:37:47.1267 | Debug | removed records count=0 
2018-01-27 01:41:08.5786 | Debug | 执行 SQL 语句 如下:INSERT INTO `playerOnline`  
           (`Id`,`OLPlayer`,`YMD`,`HM`,`CreateTime`)
     VALUES
           (@Id,@OLPlayer,@YMD,@HM,@CreateTime) ; 
2018-01-27 01:41:08.5786 | Debug |  提交参数 :{"@Id":201801270141,"@OLPlayer":17,"@YMD":20180127,"@HM":141,"@CreateTime":"2018-01-27T01:41:08.5782278+08:00"} 
2018-01-27 01:42:42.8459 | Debug | Aggregating records in 'Counter' table... 
2018-01-27 01:45:08.5340 | Debug | 执行 SQL 语句 如下:INSERT INTO `playerOnline`  
           (`Id`,`OLPlayer`,`YMD`,`HM`,`CreateTime`)
     VALUES
           (@Id,@OLPlayer,@YMD,@HM,@CreateTime) ; 
2018-01-27 01:45:08.5340 | Debug |  提交参数 :{"@Id":201801270145,"@OLPlayer":17,"@YMD":20180127,"@HM":145,"@CreateTime":"2018-01-27T01:45:08.5332057+08:00"} 
2018-01-27 01:47:42.8772 | Debug | Aggregating records in 'Counter' table... 
2018-01-27 01:50:08.7678 | Debug | 执行 SQL 语句 如下:INSERT INTO `playerOnline`  
           (`Id`,`OLPlayer`,`YMD`,`HM`,`CreateTime`)
     VALUES
           (@Id,@OLPlayer,@YMD,@HM,@CreateTime) ; 
2018-01-27 01:50:08.7710 | Debug |  提交参数 :{"@Id":201801270150,"@OLPlayer":17,"@YMD":20180127,"@HM":150,"@CreateTime":"2018-01-27T01:50:08.7671959+08:00"} 
2018-01-27 01:52:42.9062 | Debug | Aggregating records in 'Counter' table... 
2018-01-27 01:55:08.9298 | Debug | 执行 SQL 语句 如下:INSERT INTO `playerOnline`  
           (`Id`,`OLPlayer`,`YMD`,`HM`,`CreateTime`)
     VALUES
           (@Id,@OLPlayer,@YMD,@HM,@CreateTime) ; 
2018-01-27 01:55:08.9298 | Debug |  提交参数 :{"@Id":201801270155,"@OLPlayer":17,"@YMD":20180127,"@HM":155,"@CreateTime":"2018-01-27T01:55:08.9293596+08:00"} 
2018-01-27 01:57:42.9416 | Debug | Aggregating records in 'Counter' table... 
2018-01-27 02:00:09.7326 | Debug | 执行 SQL 语句 如下:INSERT INTO `playerOnline`  
           (`Id`,`OLPlayer`,`YMD`,`HM`,`CreateTime`)
     VALUES
           (@Id,@OLPlayer,@YMD,@HM,@CreateTime) ; 
2018-01-27 02:00:09.7326 | Debug |  提交参数 :{"@Id":201801270200,"@OLPlayer":17,"@YMD":20180127,"@HM":200,"@CreateTime":"2018-01-27T02:00:09.7321834+08:00"} 
2018-01-27 02:02:42.9779 | Debug | Aggregating records in 'Counter' table... 
2018-01-27 02:06:09.8129 | Debug | 执行 SQL 语句 如下:INSERT INTO `playerOnline`  
           (`Id`,`OLPlayer`,`YMD`,`HM`,`CreateTime`)
     VALUES
           (@Id,@OLPlayer,@YMD,@HM,@CreateTime) ; 
2018-01-27 02:06:09.8129 | Debug |  提交参数 :{"@Id":201801270206,"@OLPlayer":17,"@YMD":20180127,"@HM":206,"@CreateTime":"2018-01-27T02:06:09.8119842+08:00"} 
2018-01-27 02:07:43.0169 | Debug | Aggregating records in 'Counter' table... 
2018-01-27 02:10:09.8067 | Debug | 执行 SQL 语句 如下:INSERT INTO `playerOnline`  
           (`Id`,`OLPlayer`,`YMD`,`HM`,`CreateTime`)
     VALUES
           (@Id,@OLPlayer,@YMD,@HM,@CreateTime) ; 
2018-01-27 02:10:09.8067 | Debug |  提交参数 :{"@Id":201801270210,"@OLPlayer":17,"@YMD":20180127,"@HM":210,"@CreateTime":"2018-01-27T02:10:09.8058888+08:00"} 
2018-01-27 02:12:43.0581 | Debug | Aggregating records in 'Counter' table... 
2018-01-27 02:15:09.8961 | Debug | 执行 SQL 语句 如下:INSERT INTO `playerOnline`  
           (`Id`,`OLPlayer`,`YMD`,`HM`,`CreateTime`)
     VALUES
           (@Id,@OLPlayer,@YMD,@HM,@CreateTime) ; 
2018-01-27 02:15:09.8961 | Debug |  提交参数 :{"@Id":201801270215,"@OLPlayer":17,"@YMD":20180127,"@HM":215,"@CreateTime":"2018-01-27T02:15:09.8956722+08:00"} 
2018-01-27 02:17:43.2319 | Debug | Aggregating records in 'Counter' table... 
2018-01-27 02:20:10.3934 | Debug | 执行 SQL 语句 如下:INSERT INTO `playerOnline`  
           (`Id`,`OLPlayer`,`YMD`,`HM`,`CreateTime`)
     VALUES
           (@Id,@OLPlayer,@YMD,@HM,@CreateTime) ; 
2018-01-27 02:20:10.3934 | Debug |  提交参数 :{"@Id":201801270220,"@OLPlayer":17,"@YMD":20180127,"@HM":220,"@CreateTime":"2018-01-27T02:20:10.3929009+08:00"} 
2018-01-27 02:22:43.2900 | Debug | Aggregating records in 'Counter' table... 
2018-01-27 02:25:10.4805 | Debug | 执行 SQL 语句 如下:INSERT INTO `playerOnline`  
           (`Id`,`OLPlayer`,`YMD`,`HM`,`CreateTime`)
     VALUES
           (@Id,@OLPlayer,@YMD,@HM,@CreateTime) ; 
2018-01-27 02:25:10.4805 | Debug |  提交参数 :{"@Id":201801270225,"@OLPlayer":17,"@YMD":20180127,"@HM":225,"@CreateTime":"2018-01-27T02:25:10.4800086+08:00"} 
2018-01-27 02:27:43.3264 | Debug | Aggregating records in 'Counter' table... 
2018-01-27 02:30:10.5703 | Debug | 执行 SQL 语句 如下:INSERT INTO `playerOnline`  
           (`Id`,`OLPlayer`,`YMD`,`HM`,`CreateTime`)
     VALUES
           (@Id,@OLPlayer,@YMD,@HM,@CreateTime) ; 
2018-01-27 02:30:10.5703 | Debug |  提交参数 :{"@Id":201801270230,"@OLPlayer":17,"@YMD":20180127,"@HM":230,"@CreateTime":"2018-01-27T02:30:10.5698228+08:00"} 
2018-01-27 02:32:43.3823 | Debug | Aggregating records in 'Counter' table... 
2018-01-27 02:35:10.8726 | Debug | 执行 SQL 语句 如下:INSERT INTO `playerOnline`  
           (`Id`,`OLPlayer`,`YMD`,`HM`,`CreateTime`)
     VALUES
           (@Id,@OLPlayer,@YMD,@HM,@CreateTime) ; 
2018-01-27 02:35:10.8726 | Debug |  提交参数 :{"@Id":201801270235,"@OLPlayer":17,"@YMD":20180127,"@HM":235,"@CreateTime":"2018-01-27T02:35:10.8719172+08:00"} 
2018-01-27 02:37:43.4311 | Debug | Aggregating records in 'Counter' table... 
2018-01-27 02:37:47.1283 | Debug | Removing outdated records from table 'AggregatedCounter'... 
2018-01-27 02:37:47.1283 | Debug | delete from `AggregatedCounter` where ExpireAt < @now limit @count; 
2018-01-27 02:37:47.1939 | Debug | removed records count=0 
2018-01-27 02:37:47.1939 | Debug | Removing outdated records from table 'Job'... 
2018-01-27 02:37:47.1939 | Debug | delete from `Job` where ExpireAt < @now limit @count; 
2018-01-27 02:37:47.3769 | Debug | removed records count=38 
2018-01-27 02:37:48.3806 | Debug | delete from `Job` where ExpireAt < @now limit @count; 
2018-01-27 02:37:48.4270 | Debug | removed records count=0 
2018-01-27 02:37:48.4270 | Debug | Removing outdated records from table 'List'... 
2018-01-27 02:37:48.4270 | Debug | delete from `List` where ExpireAt < @now limit @count; 
2018-01-27 02:37:48.4769 | Debug | removed records count=0 
2018-01-27 02:37:48.4769 | Debug | Removing outdated records from table 'Set'... 
2018-01-27 02:37:48.4769 | Debug | delete from `Set` where ExpireAt < @now limit @count; 
2018-01-27 02:37:48.5270 | Debug | removed records count=0 
2018-01-27 02:37:48.5270 | Debug | Removing outdated records from table 'Hash'... 
2018-01-27 02:37:48.5270 | Debug | delete from `Hash` where ExpireAt < @now limit @count; 
2018-01-27 02:37:48.5853 | Debug | removed records count=0 
2018-01-27 02:40:11.1157 | Debug | 执行 SQL 语句 如下:INSERT INTO `playerOnline`  
           (`Id`,`OLPlayer`,`YMD`,`HM`,`CreateTime`)
     VALUES
           (@Id,@OLPlayer,@YMD,@HM,@CreateTime) ; 
2018-01-27 02:40:11.1157 | Debug |  提交参数 :{"@Id":201801270240,"@OLPlayer":17,"@YMD":20180127,"@HM":240,"@CreateTime":"2018-01-27T02:40:11.115213+08:00"} 
2018-01-27 02:42:43.4689 | Debug | Aggregating records in 'Counter' table... 
2018-01-27 02:45:11.3378 | Debug | 执行 SQL 语句 如下:INSERT INTO `playerOnline`  
           (`Id`,`OLPlayer`,`YMD`,`HM`,`CreateTime`)
     VALUES
           (@Id,@OLPlayer,@YMD,@HM,@CreateTime) ; 
2018-01-27 02:45:11.3378 | Debug |  提交参数 :{"@Id":201801270245,"@OLPlayer":17,"@YMD":20180127,"@HM":245,"@CreateTime":"2018-01-27T02:45:11.3374524+08:00"} 
2018-01-27 02:47:43.5032 | Debug | Aggregating records in 'Counter' table... 
2018-01-27 02:50:11.6585 | Debug | 执行 SQL 语句 如下:INSERT INTO `playerOnline`  
           (`Id`,`OLPlayer`,`YMD`,`HM`,`CreateTime`)
     VALUES
           (@Id,@OLPlayer,@YMD,@HM,@CreateTime) ; 
2018-01-27 02:50:11.6585 | Debug |  提交参数 :{"@Id":201801270250,"@OLPlayer":17,"@YMD":20180127,"@HM":250,"@CreateTime":"2018-01-27T02:50:11.6563519+08:00"} 
2018-01-27 02:52:43.5575 | Debug | Aggregating records in 'Counter' table... 
2018-01-27 02:55:11.7791 | Debug | 执行 SQL 语句 如下:INSERT INTO `playerOnline`  
           (`Id`,`OLPlayer`,`YMD`,`HM`,`CreateTime`)
     VALUES
           (@Id,@OLPlayer,@YMD,@HM,@CreateTime) ; 
2018-01-27 02:55:11.7791 | Debug |  提交参数 :{"@Id":201801270255,"@OLPlayer":17,"@YMD":20180127,"@HM":255,"@CreateTime":"2018-01-27T02:55:11.778614+08:00"} 
2018-01-27 02:57:43.5898 | Debug | Aggregating records in 'Counter' table... 
2018-01-27 03:00:12.2245 | Debug | 执行 SQL 语句 如下:INSERT INTO `playerOnline`  
           (`Id`,`OLPlayer`,`YMD`,`HM`,`CreateTime`)
     VALUES
           (@Id,@OLPlayer,@YMD,@HM,@CreateTime) ; 
2018-01-27 03:00:12.2245 | Debug |  提交参数 :{"@Id":201801270300,"@OLPlayer":17,"@YMD":20180127,"@HM":300,"@CreateTime":"2018-01-27T03:00:12.2240125+08:00"} 
2018-01-27 03:02:43.6297 | Debug | Aggregating records in 'Counter' table... 
2018-01-27 03:05:12.6325 | Debug | 执行 SQL 语句 如下:INSERT INTO `playerOnline`  
           (`Id`,`OLPlayer`,`YMD`,`HM`,`CreateTime`)
     VALUES
           (@Id,@OLPlayer,@YMD,@HM,@CreateTime) ; 
2018-01-27 03:05:12.6325 | Debug |  提交参数 :{"@Id":201801270305,"@OLPlayer":17,"@YMD":20180127,"@HM":305,"@CreateTime":"2018-01-27T03:05:12.6320556+08:00"} 
2018-01-27 03:07:43.6732 | Debug | Aggregating records in 'Counter' table... 
2018-01-27 03:10:13.3070 | Debug | 执行 SQL 语句 如下:INSERT INTO `playerOnline`  
           (`Id`,`OLPlayer`,`YMD`,`HM`,`CreateTime`)
     VALUES
           (@Id,@OLPlayer,@YMD,@HM,@CreateTime) ; 
2018-01-27 03:10:13.3070 | Debug |  提交参数 :{"@Id":201801270310,"@OLPlayer":17,"@YMD":20180127,"@HM":310,"@CreateTime":"2018-01-27T03:10:13.3065548+08:00"} 
2018-01-27 03:12:43.7806 | Debug | Aggregating records in 'Counter' table... 
2018-01-27 03:15:13.1399 | Debug | 执行 SQL 语句 如下:INSERT INTO `playerOnline`  
           (`Id`,`OLPlayer`,`YMD`,`HM`,`CreateTime`)
     VALUES
           (@Id,@OLPlayer,@YMD,@HM,@CreateTime) ; 
2018-01-27 03:15:13.1399 | Debug |  提交参数 :{"@Id":201801270315,"@OLPlayer":17,"@YMD":20180127,"@HM":315,"@CreateTime":"2018-01-27T03:15:13.1393442+08:00"} 
2018-01-27 03:17:43.8246 | Debug | Aggregating records in 'Counter' table... 
2018-01-27 03:20:00.5643 | Debug | 执行 SQL 语句 如下:INSERT INTO `playerOnline`  
           (`Id`,`OLPlayer`,`YMD`,`HM`,`CreateTime`)
     VALUES
           (@Id,@OLPlayer,@YMD,@HM,@CreateTime) ; 
2018-01-27 03:20:00.5652 | Debug |  提交参数 :{"@Id":201801270320,"@OLPlayer":17,"@YMD":20180127,"@HM":320,"@CreateTime":"2018-01-27T03:20:00.5637095+08:00"} 
2018-01-27 03:22:43.8726 | Debug | Aggregating records in 'Counter' table... 
2018-01-27 03:25:13.4348 | Debug | 执行 SQL 语句 如下:INSERT INTO `playerOnline`  
           (`Id`,`OLPlayer`,`YMD`,`HM`,`CreateTime`)
     VALUES
           (@Id,@OLPlayer,@YMD,@HM,@CreateTime) ; 
2018-01-27 03:25:13.4348 | Debug |  提交参数 :{"@Id":201801270325,"@OLPlayer":17,"@YMD":20180127,"@HM":325,"@CreateTime":"2018-01-27T03:25:13.4343101+08:00"} 
2018-01-27 03:27:43.9107 | Debug | Aggregating records in 'Counter' table... 
2018-01-27 03:30:01.1086 | Debug | 执行 SQL 语句 如下:INSERT INTO `playerOnline`  
           (`Id`,`OLPlayer`,`YMD`,`HM`,`CreateTime`)
     VALUES
           (@Id,@OLPlayer,@YMD,@HM,@CreateTime) ; 
2018-01-27 03:30:01.1086 | Debug |  提交参数 :{"@Id":201801270330,"@OLPlayer":17,"@YMD":20180127,"@HM":330,"@CreateTime":"2018-01-27T03:30:01.1080999+08:00"} 
2018-01-27 03:32:43.9523 | Debug | Aggregating records in 'Counter' table... 
2018-01-27 03:35:01.2941 | Debug | 执行 SQL 语句 如下:INSERT INTO `playerOnline`  
           (`Id`,`OLPlayer`,`YMD`,`HM`,`CreateTime`)
     VALUES
           (@Id,@OLPlayer,@YMD,@HM,@CreateTime) ; 
2018-01-27 03:35:01.2941 | Debug |  提交参数 :{"@Id":201801270335,"@OLPlayer":17,"@YMD":20180127,"@HM":335,"@CreateTime":"2018-01-27T03:35:01.293568+08:00"} 
2018-01-27 03:37:43.9929 | Debug | Aggregating records in 'Counter' table... 
2018-01-27 03:37:48.5876 | Debug | Removing outdated records from table 'AggregatedCounter'... 
2018-01-27 03:37:48.5876 | Debug | delete from `AggregatedCounter` where ExpireAt < @now limit @count; 
2018-01-27 03:37:48.6711 | Debug | removed records count=1 
2018-01-27 03:37:49.6752 | Debug | delete from `AggregatedCounter` where ExpireAt < @now limit @count; 
2018-01-27 03:37:49.7378 | Debug | removed records count=0 
2018-01-27 03:37:49.7378 | Debug | Removing outdated records from table 'Job'... 
2018-01-27 03:37:49.7378 | Debug | delete from `Job` where ExpireAt < @now limit @count; 
2018-01-27 03:37:50.0046 | Debug | removed records count=22 
2018-01-27 03:37:51.0086 | Debug | delete from `Job` where ExpireAt < @now limit @count; 
2018-01-27 03:37:51.0960 | Debug | removed records count=0 
2018-01-27 03:37:51.0960 | Debug | Removing outdated records from table 'List'... 
2018-01-27 03:37:51.0960 | Debug | delete from `List` where ExpireAt < @now limit @count; 
2018-01-27 03:37:51.2005 | Debug | removed records count=0 
2018-01-27 03:37:51.2005 | Debug | Removing outdated records from table 'Set'... 
2018-01-27 03:37:51.2071 | Debug | delete from `Set` where ExpireAt < @now limit @count; 
2018-01-27 03:37:51.2630 | Debug | removed records count=0 
2018-01-27 03:37:51.2630 | Debug | Removing outdated records from table 'Hash'... 
2018-01-27 03:37:51.2678 | Debug | delete from `Hash` where ExpireAt < @now limit @count; 
2018-01-27 03:37:51.3215 | Debug | removed records count=0 
2018-01-27 03:40:01.9321 | Debug | 执行 SQL 语句 如下:INSERT INTO `playerOnline`  
           (`Id`,`OLPlayer`,`YMD`,`HM`,`CreateTime`)
     VALUES
           (@Id,@OLPlayer,@YMD,@HM,@CreateTime) ; 
2018-01-27 03:40:01.9321 | Debug |  提交参数 :{"@Id":201801270340,"@OLPlayer":17,"@YMD":20180127,"@HM":340,"@CreateTime":"2018-01-27T03:40:01.9306965+08:00"} 
2018-01-27 03:42:44.0411 | Debug | Aggregating records in 'Counter' table... 
