2018-02-08 15:49:07.5097 | Debug | Background process 'BackgroundProcessingServer' started. 
2018-02-08 15:49:07.7364 | Debug | Background process 'ServerWatchdog' started. 
2018-02-08 15:49:07.7364 | Debug | Background process 'ServerHeartbeat' started. 
2018-02-08 15:49:07.7364 | Debug | Background process 'Hangfire.MySql.ExpirationManager' started. 
2018-02-08 15:49:07.7364 | Debug | Removing outdated records from table 'AggregatedCounter'... 
2018-02-08 15:49:07.7364 | Debug | Background process 'Hangfire.MySql.CountersAggregator' started. 
2018-02-08 15:49:07.7514 | Debug | delete from `AggregatedCounter` where ExpireAt < @now limit @count; 
2018-02-08 15:49:07.7514 | Debug | Aggregating records in 'Counter' table... 
2018-02-08 15:49:07.7514 | Debug | Background process 'Worker #201ebb47' started. 
2018-02-08 15:49:07.7514 | Debug | Background process 'Worker #8492fb77' started. 
2018-02-08 15:49:07.7514 | Debug | Background process 'Worker #f00db8e3' started. 
2018-02-08 15:49:07.7514 | Debug | Background process 'Worker #18832eaf' started. 
2018-02-08 15:49:07.7514 | Debug | Background process 'Worker #7aaab4da' started. 
2018-02-08 15:49:07.7668 | Debug | Background process 'Worker #295e693f' started. 
2018-02-08 15:49:07.7668 | Debug | Background process 'Worker #67b652c5' started. 
2018-02-08 15:49:07.7668 | Debug | Background process 'Worker #17fbc92e' started. 
2018-02-08 15:49:07.7668 | Debug | Background process 'Worker #5563024b' started. 
2018-02-08 15:49:07.7668 | Debug | Background process 'Worker #f735e588' started. 
2018-02-08 15:49:07.7668 | Debug | Background process 'Worker #de2edf26' started. 
2018-02-08 15:49:07.8082 | Debug | Background process 'Worker #a39aed78' started. 
2018-02-08 15:49:07.7668 | Debug | Background process 'Worker #d1e04bda' started. 
2018-02-08 15:49:07.8227 | Debug | Background process 'Worker #fe353e4e' started. 
2018-02-08 15:49:07.8444 | Debug | Background process 'Worker #a5d9a8de' started. 
2018-02-08 15:49:07.8444 | Debug | Background process 'Worker #bc7566d4' started. 
2018-02-08 15:49:07.8444 | Debug | Background process 'Worker #5788abe9' started. 
2018-02-08 15:49:07.8590 | Debug | Background process 'Worker #983ed169' started. 
2018-02-08 15:49:07.8590 | Debug | Background process 'Worker #a3543f0b' started. 
2018-02-08 15:49:07.8590 | Debug | Background process 'Worker #7ef23078' started. 
2018-02-08 15:49:07.8761 | Debug | Background process 'DelayedJobScheduler' started. 
2018-02-08 15:49:07.8761 | Debug | Background process 'RecurringJobScheduler' started. 
2018-02-08 15:49:08.0668 | Debug | removed records count=24 
2018-02-08 15:49:09.0713 | Debug | delete from `AggregatedCounter` where ExpireAt < @now limit @count; 
2018-02-08 15:49:09.1177 | Debug | removed records count=0 
2018-02-08 15:49:09.1177 | Debug | Removing outdated records from table 'Job'... 
2018-02-08 15:49:09.1229 | Debug | delete from `Job` where ExpireAt < @now limit @count; 
2018-02-08 15:49:09.6761 | Debug | removed records count=249 
2018-02-08 15:49:10.6800 | Debug | delete from `Job` where ExpireAt < @now limit @count; 
2018-02-08 15:49:10.7430 | Debug | removed records count=0 
2018-02-08 15:49:10.7430 | Debug | Removing outdated records from table 'List'... 
2018-02-08 15:49:10.7485 | Debug | delete from `List` where ExpireAt < @now limit @count; 
2018-02-08 15:49:10.8013 | Debug | removed records count=0 
2018-02-08 15:49:10.8013 | Debug | Removing outdated records from table 'Set'... 
2018-02-08 15:49:10.8013 | Debug | delete from `Set` where ExpireAt < @now limit @count; 
2018-02-08 15:49:10.8710 | Debug | removed records count=0 
2018-02-08 15:49:10.8722 | Debug | Removing outdated records from table 'Hash'... 
2018-02-08 15:49:10.8722 | Debug | delete from `Hash` where ExpireAt < @now limit @count; 
2018-02-08 15:49:10.9263 | Debug | removed records count=0 
2018-02-08 15:54:07.9441 | Debug | Aggregating records in 'Counter' table... 
2018-02-08 15:59:07.9518 | Debug | Aggregating records in 'Counter' table... 
2018-02-08 16:04:07.9604 | Debug | Aggregating records in 'Counter' table... 
2018-02-08 16:09:07.9722 | Debug | Aggregating records in 'Counter' table... 
2018-02-08 16:14:07.9782 | Debug | Aggregating records in 'Counter' table... 
2018-02-08 16:19:07.9901 | Debug | Aggregating records in 'Counter' table... 
2018-02-08 16:24:08.0033 | Debug | Aggregating records in 'Counter' table... 
2018-02-08 16:29:08.0134 | Debug | Aggregating records in 'Counter' table... 
2018-02-08 16:34:08.0271 | Debug | Aggregating records in 'Counter' table... 
2018-02-08 16:39:08.0332 | Debug | Aggregating records in 'Counter' table... 
2018-02-08 16:44:08.0417 | Debug | Aggregating records in 'Counter' table... 
2018-02-08 16:49:08.0535 | Debug | Aggregating records in 'Counter' table... 
2018-02-08 16:49:10.9275 | Debug | Removing outdated records from table 'AggregatedCounter'... 
2018-02-08 16:49:10.9275 | Debug | delete from `AggregatedCounter` where ExpireAt < @now limit @count; 
2018-02-08 16:49:11.0054 | Debug | removed records count=0 
2018-02-08 16:49:11.0054 | Debug | Removing outdated records from table 'Job'... 
2018-02-08 16:49:11.0054 | Debug | delete from `Job` where ExpireAt < @now limit @count; 
2018-02-08 16:49:11.0805 | Debug | removed records count=0 
2018-02-08 16:49:11.1377 | Debug | Removing outdated records from table 'List'... 
2018-02-08 16:49:11.1857 | Debug | delete from `List` where ExpireAt < @now limit @count; 
2018-02-08 16:49:11.2808 | Debug | removed records count=0 
2018-02-08 16:49:11.2808 | Debug | Removing outdated records from table 'Set'... 
2018-02-08 16:49:11.2808 | Debug | delete from `Set` where ExpireAt < @now limit @count; 
2018-02-08 16:49:11.3387 | Debug | removed records count=0 
2018-02-08 16:49:11.3387 | Debug | Removing outdated records from table 'Hash'... 
2018-02-08 16:49:11.3437 | Debug | delete from `Hash` where ExpireAt < @now limit @count; 
2018-02-08 16:49:11.3971 | Debug | removed records count=0 
2018-02-08 16:54:08.0601 | Debug | Aggregating records in 'Counter' table... 
2018-02-08 16:59:08.0682 | Debug | Aggregating records in 'Counter' table... 
2018-02-08 17:04:08.0743 | Debug | Aggregating records in 'Counter' table... 
2018-02-08 17:09:08.0884 | Debug | Aggregating records in 'Counter' table... 
2018-02-08 17:14:08.0985 | Debug | Aggregating records in 'Counter' table... 
2018-02-08 17:19:08.1065 | Debug | Aggregating records in 'Counter' table... 
2018-02-08 17:24:08.1131 | Debug | Aggregating records in 'Counter' table... 
2018-02-08 17:29:08.1240 | Debug | Aggregating records in 'Counter' table... 
2018-02-08 17:34:08.1303 | Debug | Aggregating records in 'Counter' table... 
2018-02-08 17:39:08.1375 | Debug | Aggregating records in 'Counter' table... 
2018-02-08 17:44:08.1460 | Debug | Aggregating records in 'Counter' table... 
2018-02-08 17:49:08.1559 | Debug | Aggregating records in 'Counter' table... 
2018-02-08 17:49:11.3989 | Debug | Removing outdated records from table 'AggregatedCounter'... 
2018-02-08 17:49:11.4041 | Debug | delete from `AggregatedCounter` where ExpireAt < @now limit @count; 
2018-02-08 17:49:11.4837 | Debug | removed records count=0 
2018-02-08 17:49:11.4837 | Debug | Removing outdated records from table 'Job'... 
2018-02-08 17:49:11.4837 | Debug | delete from `Job` where ExpireAt < @now limit @count; 
2018-02-08 17:49:11.5504 | Debug | removed records count=0 
2018-02-08 17:49:11.5504 | Debug | Removing outdated records from table 'List'... 
2018-02-08 17:49:11.5504 | Debug | delete from `List` where ExpireAt < @now limit @count; 
2018-02-08 17:49:11.6086 | Debug | removed records count=0 
2018-02-08 17:49:11.6086 | Debug | Removing outdated records from table 'Set'... 
2018-02-08 17:49:11.6086 | Debug | delete from `Set` where ExpireAt < @now limit @count; 
2018-02-08 17:49:11.6669 | Debug | removed records count=0 
2018-02-08 17:49:11.6679 | Debug | Removing outdated records from table 'Hash'... 
2018-02-08 17:49:11.6679 | Debug | delete from `Hash` where ExpireAt < @now limit @count; 
2018-02-08 17:49:11.7336 | Debug | removed records count=0 
2018-02-08 17:54:08.1624 | Debug | Aggregating records in 'Counter' table... 
2018-02-08 17:59:08.1728 | Debug | Aggregating records in 'Counter' table... 
2018-02-08 18:04:08.1807 | Debug | Aggregating records in 'Counter' table... 
2018-02-08 18:09:08.1930 | Debug | Aggregating records in 'Counter' table... 
2018-02-08 18:14:08.1985 | Debug | Aggregating records in 'Counter' table... 
2018-02-08 18:19:08.2045 | Debug | Aggregating records in 'Counter' table... 
2018-02-08 18:24:08.2125 | Debug | Aggregating records in 'Counter' table... 
2018-02-08 18:29:08.2177 | Debug | Aggregating records in 'Counter' table... 
2018-02-08 18:34:08.2235 | Debug | Aggregating records in 'Counter' table... 
2018-02-08 18:39:08.2306 | Debug | Aggregating records in 'Counter' table... 
2018-02-08 18:44:08.2416 | Debug | Aggregating records in 'Counter' table... 
2018-02-08 18:49:08.2468 | Debug | Aggregating records in 'Counter' table... 
2018-02-08 18:49:11.7351 | Debug | Removing outdated records from table 'AggregatedCounter'... 
2018-02-08 18:49:11.7351 | Debug | delete from `AggregatedCounter` where ExpireAt < @now limit @count; 
2018-02-08 18:49:11.8041 | Debug | removed records count=0 
2018-02-08 18:49:11.8041 | Debug | Removing outdated records from table 'Job'... 
2018-02-08 18:49:11.8090 | Debug | delete from `Job` where ExpireAt < @now limit @count; 
2018-02-08 18:49:11.8548 | Debug | removed records count=0 
2018-02-08 18:49:11.8558 | Debug | Removing outdated records from table 'List'... 
2018-02-08 18:49:11.8558 | Debug | delete from `List` where ExpireAt < @now limit @count; 
2018-02-08 18:49:11.9048 | Debug | removed records count=0 
2018-02-08 18:49:11.9048 | Debug | Removing outdated records from table 'Set'... 
2018-02-08 18:49:11.9048 | Debug | delete from `Set` where ExpireAt < @now limit @count; 
2018-02-08 18:49:11.9548 | Debug | removed records count=0 
2018-02-08 18:49:11.9548 | Debug | Removing outdated records from table 'Hash'... 
2018-02-08 18:49:11.9548 | Debug | delete from `Hash` where ExpireAt < @now limit @count; 
2018-02-08 18:49:12.0131 | Debug | removed records count=0 
2018-02-08 18:54:08.2540 | Debug | Aggregating records in 'Counter' table... 
2018-02-08 18:59:08.2624 | Debug | Aggregating records in 'Counter' table... 
2018-02-08 19:04:08.2707 | Debug | Aggregating records in 'Counter' table... 
2018-02-08 19:09:08.2796 | Debug | Aggregating records in 'Counter' table... 
2018-02-08 19:14:08.2891 | Debug | Aggregating records in 'Counter' table... 
2018-02-08 19:19:08.3007 | Debug | Aggregating records in 'Counter' table... 
2018-02-08 19:24:08.3092 | Debug | Aggregating records in 'Counter' table... 
2018-02-08 19:29:08.3159 | Debug | Aggregating records in 'Counter' table... 
2018-02-08 19:34:08.3236 | Debug | Aggregating records in 'Counter' table... 
2018-02-08 19:39:08.3327 | Debug | Aggregating records in 'Counter' table... 
2018-02-08 19:44:08.3446 | Debug | Aggregating records in 'Counter' table... 
2018-02-08 19:49:08.3558 | Debug | Aggregating records in 'Counter' table... 
2018-02-08 19:49:12.0148 | Debug | Removing outdated records from table 'AggregatedCounter'... 
2018-02-08 19:49:12.0148 | Debug | delete from `AggregatedCounter` where ExpireAt < @now limit @count; 
2018-02-08 19:49:12.1080 | Debug | removed records count=0 
2018-02-08 19:49:12.1080 | Debug | Removing outdated records from table 'Job'... 
2018-02-08 19:49:12.1080 | Debug | delete from `Job` where ExpireAt < @now limit @count; 
2018-02-08 19:49:12.1663 | Debug | removed records count=0 
2018-02-08 19:49:12.1663 | Debug | Removing outdated records from table 'List'... 
2018-02-08 19:49:12.1712 | Debug | delete from `List` where ExpireAt < @now limit @count; 
2018-02-08 19:49:12.2574 | Debug | removed records count=0 
2018-02-08 19:49:12.3261 | Debug | Removing outdated records from table 'Set'... 
2018-02-08 19:49:12.3261 | Debug | delete from `Set` where ExpireAt < @now limit @count; 
2018-02-08 19:49:12.3793 | Debug | removed records count=0 
2018-02-08 19:49:12.3793 | Debug | Removing outdated records from table 'Hash'... 
2018-02-08 19:49:12.3793 | Debug | delete from `Hash` where ExpireAt < @now limit @count; 
2018-02-08 19:49:12.4293 | Debug | removed records count=0 
2018-02-08 19:54:08.3659 | Debug | Aggregating records in 'Counter' table... 
2018-02-08 19:59:08.3776 | Debug | Aggregating records in 'Counter' table... 
2018-02-08 20:04:08.3889 | Debug | Aggregating records in 'Counter' table... 
2018-02-08 20:09:08.3950 | Debug | Aggregating records in 'Counter' table... 
2018-02-08 20:14:08.4068 | Debug | Aggregating records in 'Counter' table... 
2018-02-08 20:19:08.4204 | Debug | Aggregating records in 'Counter' table... 
2018-02-08 20:24:08.4282 | Debug | Aggregating records in 'Counter' table... 
2018-02-08 20:29:08.4360 | Debug | Aggregating records in 'Counter' table... 
2018-02-08 20:34:08.4553 | Debug | Aggregating records in 'Counter' table... 
2018-02-08 20:39:08.4630 | Debug | Aggregating records in 'Counter' table... 
2018-02-08 20:44:08.4719 | Debug | Aggregating records in 'Counter' table... 
2018-02-08 20:49:08.4775 | Debug | Aggregating records in 'Counter' table... 
2018-02-08 20:49:12.4307 | Debug | Removing outdated records from table 'AggregatedCounter'... 
2018-02-08 20:49:12.4363 | Debug | delete from `AggregatedCounter` where ExpireAt < @now limit @count; 
2018-02-08 20:49:12.4883 | Debug | removed records count=0 
2018-02-08 20:49:12.4883 | Debug | Removing outdated records from table 'Job'... 
2018-02-08 20:49:12.4883 | Debug | delete from `Job` where ExpireAt < @now limit @count; 
2018-02-08 20:49:12.5451 | Debug | removed records count=0 
2018-02-08 20:49:12.5451 | Debug | Removing outdated records from table 'List'... 
2018-02-08 20:49:12.5451 | Debug | delete from `List` where ExpireAt < @now limit @count; 
2018-02-08 20:49:12.5951 | Debug | removed records count=0 
2018-02-08 20:49:12.5951 | Debug | Removing outdated records from table 'Set'... 
2018-02-08 20:49:12.5951 | Debug | delete from `Set` where ExpireAt < @now limit @count; 
2018-02-08 20:49:12.6450 | Debug | removed records count=0 
2018-02-08 20:49:12.6729 | Debug | Removing outdated records from table 'Hash'... 
2018-02-08 20:49:12.6729 | Debug | delete from `Hash` where ExpireAt < @now limit @count; 
2018-02-08 20:49:12.7284 | Debug | removed records count=0 
2018-02-08 20:54:08.4855 | Debug | Aggregating records in 'Counter' table... 
2018-02-08 20:59:08.4931 | Debug | Aggregating records in 'Counter' table... 
2018-02-08 21:04:08.5015 | Debug | Aggregating records in 'Counter' table... 
2018-02-08 21:09:08.5060 | Debug | Aggregating records in 'Counter' table... 
2018-02-08 21:14:08.5146 | Debug | Aggregating records in 'Counter' table... 
2018-02-08 21:19:08.5285 | Debug | Aggregating records in 'Counter' table... 
2018-02-08 21:24:08.5413 | Debug | Aggregating records in 'Counter' table... 
2018-02-08 21:29:08.5482 | Debug | Aggregating records in 'Counter' table... 
2018-02-08 21:34:08.5566 | Debug | Aggregating records in 'Counter' table... 
2018-02-08 21:39:08.5664 | Debug | Aggregating records in 'Counter' table... 
2018-02-08 21:44:08.5724 | Debug | Aggregating records in 'Counter' table... 
2018-02-08 21:49:08.5806 | Debug | Aggregating records in 'Counter' table... 
2018-02-08 21:49:12.7282 | Debug | Removing outdated records from table 'AggregatedCounter'... 
2018-02-08 21:49:12.7343 | Debug | delete from `AggregatedCounter` where ExpireAt < @now limit @count; 
2018-02-08 21:49:12.7867 | Debug | removed records count=0 
2018-02-08 21:49:12.7867 | Debug | Removing outdated records from table 'Job'... 
2018-02-08 21:49:12.7867 | Debug | delete from `Job` where ExpireAt < @now limit @count; 
2018-02-08 21:49:12.8367 | Debug | removed records count=0 
2018-02-08 21:49:12.8367 | Debug | Removing outdated records from table 'List'... 
2018-02-08 21:49:12.8411 | Debug | delete from `List` where ExpireAt < @now limit @count; 
2018-02-08 21:49:12.8869 | Debug | removed records count=0 
2018-02-08 21:49:12.8869 | Debug | Removing outdated records from table 'Set'... 
2018-02-08 21:49:12.8869 | Debug | delete from `Set` where ExpireAt < @now limit @count; 
2018-02-08 21:49:12.9371 | Debug | removed records count=0 
2018-02-08 21:49:12.9371 | Debug | Removing outdated records from table 'Hash'... 
2018-02-08 21:49:12.9371 | Debug | delete from `Hash` where ExpireAt < @now limit @count; 
2018-02-08 21:49:12.9952 | Debug | removed records count=0 
2018-02-08 21:54:08.5922 | Debug | Aggregating records in 'Counter' table... 
2018-02-08 21:59:08.6009 | Debug | Aggregating records in 'Counter' table... 
2018-02-08 22:04:08.6127 | Debug | Aggregating records in 'Counter' table... 
2018-02-08 22:09:08.6254 | Debug | Aggregating records in 'Counter' table... 
2018-02-08 22:14:08.6336 | Debug | Aggregating records in 'Counter' table... 
2018-02-08 22:19:08.6396 | Debug | Aggregating records in 'Counter' table... 
2018-02-08 22:24:08.6483 | Debug | Aggregating records in 'Counter' table... 
2018-02-08 22:29:08.6569 | Debug | Aggregating records in 'Counter' table... 
2018-02-08 22:34:08.6641 | Debug | Aggregating records in 'Counter' table... 
2018-02-08 22:39:08.6776 | Debug | Aggregating records in 'Counter' table... 
2018-02-08 22:44:08.6887 | Debug | Aggregating records in 'Counter' table... 
2018-02-08 22:49:08.6965 | Debug | Aggregating records in 'Counter' table... 
2018-02-08 22:49:12.9960 | Debug | Removing outdated records from table 'AggregatedCounter'... 
2018-02-08 22:49:12.9960 | Debug | delete from `AggregatedCounter` where ExpireAt < @now limit @count; 
2018-02-08 22:49:13.0508 | Debug | removed records count=0 
2018-02-08 22:49:13.0508 | Debug | Removing outdated records from table 'Job'... 
2018-02-08 22:49:13.0508 | Debug | delete from `Job` where ExpireAt < @now limit @count; 
2018-02-08 22:49:13.1091 | Debug | removed records count=0 
2018-02-08 22:49:13.1091 | Debug | Removing outdated records from table 'List'... 
2018-02-08 22:49:13.1091 | Debug | delete from `List` where ExpireAt < @now limit @count; 
2018-02-08 22:49:13.1591 | Debug | removed records count=0 
2018-02-08 22:49:13.1591 | Debug | Removing outdated records from table 'Set'... 
2018-02-08 22:49:13.1591 | Debug | delete from `Set` where ExpireAt < @now limit @count; 
2018-02-08 22:49:13.2099 | Debug | removed records count=0 
2018-02-08 22:49:13.2099 | Debug | Removing outdated records from table 'Hash'... 
2018-02-08 22:49:13.2143 | Debug | delete from `Hash` where ExpireAt < @now limit @count; 
2018-02-08 22:49:13.2675 | Debug | removed records count=0 
2018-02-08 22:54:08.7048 | Debug | Aggregating records in 'Counter' table... 
2018-02-08 22:59:08.7100 | Debug | Aggregating records in 'Counter' table... 
2018-02-08 23:04:08.7188 | Debug | Aggregating records in 'Counter' table... 
2018-02-08 23:09:08.7269 | Debug | Aggregating records in 'Counter' table... 
2018-02-08 23:14:08.7417 | Debug | Aggregating records in 'Counter' table... 
2018-02-08 23:19:08.7503 | Debug | Aggregating records in 'Counter' table... 
2018-02-08 23:24:08.7617 | Debug | Aggregating records in 'Counter' table... 
2018-02-08 23:29:08.7673 | Debug | Aggregating records in 'Counter' table... 
2018-02-08 23:34:08.7751 | Debug | Aggregating records in 'Counter' table... 
2018-02-08 23:39:08.7834 | Debug | Aggregating records in 'Counter' table... 
2018-02-08 23:44:08.7888 | Debug | Aggregating records in 'Counter' table... 
2018-02-08 23:49:08.7951 | Debug | Aggregating records in 'Counter' table... 
2018-02-08 23:49:13.2683 | Debug | Removing outdated records from table 'AggregatedCounter'... 
2018-02-08 23:49:13.2683 | Debug | delete from `AggregatedCounter` where ExpireAt < @now limit @count; 
2018-02-08 23:49:13.3277 | Debug | removed records count=0 
2018-02-08 23:49:13.3277 | Debug | Removing outdated records from table 'Job'... 
2018-02-08 23:49:13.3277 | Debug | delete from `Job` where ExpireAt < @now limit @count; 
2018-02-08 23:49:13.3860 | Debug | removed records count=0 
2018-02-08 23:49:13.3860 | Debug | Removing outdated records from table 'List'... 
2018-02-08 23:49:13.3860 | Debug | delete from `List` where ExpireAt < @now limit @count; 
2018-02-08 23:49:13.4443 | Debug | removed records count=0 
2018-02-08 23:49:13.4760 | Debug | Removing outdated records from table 'Set'... 
2018-02-08 23:49:13.4859 | Debug | delete from `Set` where ExpireAt < @now limit @count; 
2018-02-08 23:49:13.5360 | Debug | removed records count=0 
2018-02-08 23:49:13.5360 | Debug | Removing outdated records from table 'Hash'... 
2018-02-08 23:49:13.5360 | Debug | delete from `Hash` where ExpireAt < @now limit @count; 
2018-02-08 23:49:13.5860 | Debug | removed records count=0 
2018-02-08 23:54:08.8003 | Debug | Aggregating records in 'Counter' table... 
2018-02-08 23:59:08.8054 | Debug | Aggregating records in 'Counter' table... 
