2018-02-09 00:04:08.8107 | Debug | Aggregating records in 'Counter' table... 
2018-02-09 00:09:08.8261 | Debug | Aggregating records in 'Counter' table... 
2018-02-09 00:14:08.8348 | Debug | Aggregating records in 'Counter' table... 
2018-02-09 00:19:08.8431 | Debug | Aggregating records in 'Counter' table... 
2018-02-09 00:24:08.8541 | Debug | Aggregating records in 'Counter' table... 
2018-02-09 00:29:08.8677 | Debug | Aggregating records in 'Counter' table... 
2018-02-09 00:34:08.8755 | Debug | Aggregating records in 'Counter' table... 
2018-02-09 00:39:08.8809 | Debug | Aggregating records in 'Counter' table... 
2018-02-09 00:44:08.8891 | Debug | Aggregating records in 'Counter' table... 
2018-02-09 00:49:08.8959 | Debug | Aggregating records in 'Counter' table... 
2018-02-09 00:49:13.5874 | Debug | Removing outdated records from table 'AggregatedCounter'... 
2018-02-09 00:49:13.5917 | Debug | delete from `AggregatedCounter` where ExpireAt < @now limit @count; 
2018-02-09 00:49:13.6410 | Debug | removed records count=0 
2018-02-09 00:49:13.6410 | Debug | Removing outdated records from table 'Job'... 
2018-02-09 00:49:13.6410 | Debug | delete from `Job` where ExpireAt < @now limit @count; 
2018-02-09 00:49:13.7160 | Debug | removed records count=0 
2018-02-09 00:49:13.7160 | Debug | Removing outdated records from table 'List'... 
2018-02-09 00:49:13.7160 | Debug | delete from `List` where ExpireAt < @now limit @count; 
2018-02-09 00:49:13.7743 | Debug | removed records count=0 
2018-02-09 00:49:13.7743 | Debug | Removing outdated records from table 'Set'... 
2018-02-09 00:49:13.7790 | Debug | delete from `Set` where ExpireAt < @now limit @count; 
2018-02-09 00:49:13.8327 | Debug | removed records count=0 
2018-02-09 00:49:13.8327 | Debug | Removing outdated records from table 'Hash'... 
2018-02-09 00:49:13.8327 | Debug | delete from `Hash` where ExpireAt < @now limit @count; 
2018-02-09 00:49:13.9033 | Debug | removed records count=0 
2018-02-09 00:54:08.9036 | Debug | Aggregating records in 'Counter' table... 
2018-02-09 00:59:08.9158 | Debug | Aggregating records in 'Counter' table... 
2018-02-09 01:04:08.9276 | Debug | Aggregating records in 'Counter' table... 
2018-02-09 01:09:08.9356 | Debug | Aggregating records in 'Counter' table... 
2018-02-09 01:14:08.9417 | Debug | Aggregating records in 'Counter' table... 
2018-02-09 01:19:08.9533 | Debug | Aggregating records in 'Counter' table... 
2018-02-09 01:24:08.9611 | Debug | Aggregating records in 'Counter' table... 
2018-02-09 01:29:08.9666 | Debug | Aggregating records in 'Counter' table... 
2018-02-09 01:34:08.9791 | Debug | Aggregating records in 'Counter' table... 
2018-02-09 01:39:08.9913 | Debug | Aggregating records in 'Counter' table... 
2018-02-09 01:44:08.9973 | Debug | Aggregating records in 'Counter' table... 
2018-02-09 01:49:09.0053 | Debug | Aggregating records in 'Counter' table... 
2018-02-09 01:49:13.9052 | Debug | Removing outdated records from table 'AggregatedCounter'... 
2018-02-09 01:49:13.9052 | Debug | delete from `AggregatedCounter` where ExpireAt < @now limit @count; 
2018-02-09 01:49:13.9611 | Debug | removed records count=0 
2018-02-09 01:49:13.9611 | Debug | Removing outdated records from table 'Job'... 
2018-02-09 01:49:13.9665 | Debug | delete from `Job` where ExpireAt < @now limit @count; 
2018-02-09 01:49:14.0194 | Debug | removed records count=0 
2018-02-09 01:49:14.0194 | Debug | Removing outdated records from table 'List'... 
2018-02-09 01:49:14.0194 | Debug | delete from `List` where ExpireAt < @now limit @count; 
2018-02-09 01:49:14.0781 | Debug | removed records count=0 
2018-02-09 01:49:14.0781 | Debug | Removing outdated records from table 'Set'... 
2018-02-09 01:49:14.0781 | Debug | delete from `Set` where ExpireAt < @now limit @count; 
2018-02-09 01:49:14.1703 | Debug | removed records count=0 
2018-02-09 01:49:14.1703 | Debug | Removing outdated records from table 'Hash'... 
2018-02-09 01:49:14.1703 | Debug | delete from `Hash` where ExpireAt < @now limit @count; 
2018-02-09 01:49:14.2277 | Debug | removed records count=0 
2018-02-09 01:54:09.0129 | Debug | Aggregating records in 'Counter' table... 
2018-02-09 01:59:09.0232 | Debug | Aggregating records in 'Counter' table... 
2018-02-09 02:04:09.0352 | Debug | Aggregating records in 'Counter' table... 
2018-02-09 02:09:09.0461 | Debug | Aggregating records in 'Counter' table... 
2018-02-09 02:14:09.0514 | Debug | Aggregating records in 'Counter' table... 
2018-02-09 02:19:09.0591 | Debug | Aggregating records in 'Counter' table... 
2018-02-09 02:24:09.0711 | Debug | Aggregating records in 'Counter' table... 
2018-02-09 02:29:09.0785 | Debug | Aggregating records in 'Counter' table... 
2018-02-09 02:34:09.0864 | Debug | Aggregating records in 'Counter' table... 
2018-02-09 02:39:09.0915 | Debug | Aggregating records in 'Counter' table... 
2018-02-09 02:44:09.0967 | Debug | Aggregating records in 'Counter' table... 
2018-02-09 02:49:09.1092 | Debug | Aggregating records in 'Counter' table... 
2018-02-09 02:49:14.2286 | Debug | Removing outdated records from table 'AggregatedCounter'... 
2018-02-09 02:49:14.2331 | Debug | delete from `AggregatedCounter` where ExpireAt < @now limit @count; 
2018-02-09 02:49:14.2938 | Debug | removed records count=0 
2018-02-09 02:49:14.2938 | Debug | Removing outdated records from table 'Job'... 
2018-02-09 02:49:14.2938 | Debug | delete from `Job` where ExpireAt < @now limit @count; 
2018-02-09 02:49:14.3521 | Debug | removed records count=0 
2018-02-09 02:49:14.3521 | Debug | Removing outdated records from table 'List'... 
2018-02-09 02:49:14.3570 | Debug | delete from `List` where ExpireAt < @now limit @count; 
2018-02-09 02:49:14.4022 | Debug | removed records count=0 
2018-02-09 02:49:14.4022 | Debug | Removing outdated records from table 'Set'... 
2018-02-09 02:49:14.4022 | Debug | delete from `Set` where ExpireAt < @now limit @count; 
2018-02-09 02:49:14.4604 | Debug | removed records count=0 
2018-02-09 02:49:14.4604 | Debug | Removing outdated records from table 'Hash'... 
2018-02-09 02:49:14.4661 | Debug | delete from `Hash` where ExpireAt < @now limit @count; 
2018-02-09 02:49:14.5438 | Debug | removed records count=0 
2018-02-09 02:54:09.1176 | Debug | Aggregating records in 'Counter' table... 
2018-02-09 02:59:09.1303 | Debug | Aggregating records in 'Counter' table... 
2018-02-09 03:04:09.1385 | Debug | Aggregating records in 'Counter' table... 
2018-02-09 03:09:09.1461 | Debug | Aggregating records in 'Counter' table... 
2018-02-09 03:14:09.1516 | Debug | Aggregating records in 'Counter' table... 
2018-02-09 03:19:09.1637 | Debug | Aggregating records in 'Counter' table... 
2018-02-09 03:24:09.1732 | Debug | Aggregating records in 'Counter' table... 
2018-02-09 03:29:09.1809 | Debug | Aggregating records in 'Counter' table... 
2018-02-09 03:34:09.1880 | Debug | Aggregating records in 'Counter' table... 
2018-02-09 03:39:09.2000 | Debug | Aggregating records in 'Counter' table... 
2018-02-09 03:44:09.2131 | Debug | Aggregating records in 'Counter' table... 
2018-02-09 03:49:09.2271 | Debug | Aggregating records in 'Counter' table... 
2018-02-09 03:49:14.5453 | Debug | Removing outdated records from table 'AggregatedCounter'... 
2018-02-09 03:49:14.5453 | Debug | delete from `AggregatedCounter` where ExpireAt < @now limit @count; 
2018-02-09 03:49:14.6012 | Debug | removed records count=0 
2018-02-09 03:49:14.6012 | Debug | Removing outdated records from table 'Job'... 
2018-02-09 03:49:14.6059 | Debug | delete from `Job` where ExpireAt < @now limit @count; 
2018-02-09 03:49:14.6595 | Debug | removed records count=0 
2018-02-09 03:49:14.6595 | Debug | Removing outdated records from table 'List'... 
2018-02-09 03:49:14.6595 | Debug | delete from `List` where ExpireAt < @now limit @count; 
2018-02-09 03:49:14.7179 | Debug | removed records count=0 
2018-02-09 03:49:14.7179 | Debug | Removing outdated records from table 'Set'... 
2018-02-09 03:49:14.7179 | Debug | delete from `Set` where ExpireAt < @now limit @count; 
2018-02-09 03:49:14.7761 | Debug | removed records count=0 
2018-02-09 03:49:14.7761 | Debug | Removing outdated records from table 'Hash'... 
2018-02-09 03:49:14.8656 | Debug | delete from `Hash` where ExpireAt < @now limit @count; 
2018-02-09 03:49:14.9177 | Debug | removed records count=0 
2018-02-09 03:54:09.2429 | Debug | Aggregating records in 'Counter' table... 
2018-02-09 03:59:09.2518 | Debug | Aggregating records in 'Counter' table... 
2018-02-09 04:04:09.2585 | Debug | Aggregating records in 'Counter' table... 
2018-02-09 04:09:09.2703 | Debug | Aggregating records in 'Counter' table... 
2018-02-09 04:14:09.2826 | Debug | Aggregating records in 'Counter' table... 
2018-02-09 04:19:09.2906 | Debug | Aggregating records in 'Counter' table... 
2018-02-09 04:24:09.2979 | Debug | Aggregating records in 'Counter' table... 
2018-02-09 04:29:09.3056 | Debug | Aggregating records in 'Counter' table... 
2018-02-09 04:34:09.3168 | Debug | Aggregating records in 'Counter' table... 
2018-02-09 04:39:09.3245 | Debug | Aggregating records in 'Counter' table... 
2018-02-09 04:44:09.3321 | Debug | Aggregating records in 'Counter' table... 
2018-02-09 04:49:09.3394 | Debug | Aggregating records in 'Counter' table... 
2018-02-09 04:49:14.9187 | Debug | Removing outdated records from table 'AggregatedCounter'... 
2018-02-09 04:49:14.9187 | Debug | delete from `AggregatedCounter` where ExpireAt < @now limit @count; 
2018-02-09 04:49:14.9794 | Debug | removed records count=0 
2018-02-09 04:49:14.9794 | Debug | Removing outdated records from table 'Job'... 
2018-02-09 04:49:14.9794 | Debug | delete from `Job` where ExpireAt < @now limit @count; 
2018-02-09 04:49:15.0377 | Debug | removed records count=0 
2018-02-09 04:49:15.0377 | Debug | Removing outdated records from table 'List'... 
2018-02-09 04:49:15.0442 | Debug | delete from `List` where ExpireAt < @now limit @count; 
2018-02-09 04:49:15.0961 | Debug | removed records count=0 
2018-02-09 04:49:15.0961 | Debug | Removing outdated records from table 'Set'... 
2018-02-09 04:49:15.0961 | Debug | delete from `Set` where ExpireAt < @now limit @count; 
2018-02-09 04:49:15.1511 | Debug | removed records count=0 
2018-02-09 04:49:15.1511 | Debug | Removing outdated records from table 'Hash'... 
2018-02-09 04:49:15.1511 | Debug | delete from `Hash` where ExpireAt < @now limit @count; 
2018-02-09 04:49:15.2094 | Debug | removed records count=0 
2018-02-09 04:54:09.3473 | Debug | Aggregating records in 'Counter' table... 
2018-02-09 04:59:09.3574 | Debug | Aggregating records in 'Counter' table... 
2018-02-09 05:04:09.3644 | Debug | Aggregating records in 'Counter' table... 
2018-02-09 05:09:09.3720 | Debug | Aggregating records in 'Counter' table... 
2018-02-09 05:14:09.3804 | Debug | Aggregating records in 'Counter' table... 
2018-02-09 05:19:09.3865 | Debug | Aggregating records in 'Counter' table... 
2018-02-09 05:24:09.4005 | Debug | Aggregating records in 'Counter' table... 
2018-02-09 05:29:09.4086 | Debug | Aggregating records in 'Counter' table... 
2018-02-09 05:34:09.4164 | Debug | Aggregating records in 'Counter' table... 
2018-02-09 05:39:09.4226 | Debug | Aggregating records in 'Counter' table... 
2018-02-09 05:44:09.4315 | Debug | Aggregating records in 'Counter' table... 
2018-02-09 05:49:09.4426 | Debug | Aggregating records in 'Counter' table... 
2018-02-09 05:49:15.2105 | Debug | Removing outdated records from table 'AggregatedCounter'... 
2018-02-09 05:49:15.2142 | Debug | delete from `AggregatedCounter` where ExpireAt < @now limit @count; 
2018-02-09 05:49:15.2666 | Debug | removed records count=0 
2018-02-09 05:49:15.2666 | Debug | Removing outdated records from table 'Job'... 
2018-02-09 05:49:15.2666 | Debug | delete from `Job` where ExpireAt < @now limit @count; 
2018-02-09 05:49:15.3249 | Debug | removed records count=0 
2018-02-09 05:49:15.3249 | Debug | Removing outdated records from table 'List'... 
2018-02-09 05:49:15.3249 | Debug | delete from `List` where ExpireAt < @now limit @count; 
2018-02-09 05:49:15.3831 | Debug | removed records count=0 
2018-02-09 05:49:15.3831 | Debug | Removing outdated records from table 'Set'... 
2018-02-09 05:49:15.3886 | Debug | delete from `Set` where ExpireAt < @now limit @count; 
2018-02-09 05:49:15.4415 | Debug | removed records count=0 
2018-02-09 05:49:15.4415 | Debug | Removing outdated records from table 'Hash'... 
2018-02-09 05:49:15.4415 | Debug | delete from `Hash` where ExpireAt < @now limit @count; 
2018-02-09 05:49:15.4915 | Debug | removed records count=0 
2018-02-09 05:54:09.4481 | Debug | Aggregating records in 'Counter' table... 
2018-02-09 05:59:09.4539 | Debug | Aggregating records in 'Counter' table... 
2018-02-09 06:04:09.4601 | Debug | Aggregating records in 'Counter' table... 
2018-02-09 06:09:09.4659 | Debug | Aggregating records in 'Counter' table... 
2018-02-09 06:14:09.4716 | Debug | Aggregating records in 'Counter' table... 
2018-02-09 06:19:09.4764 | Debug | Aggregating records in 'Counter' table... 
2018-02-09 06:24:09.4821 | Debug | Aggregating records in 'Counter' table... 
2018-02-09 06:29:09.4889 | Debug | Aggregating records in 'Counter' table... 
2018-02-09 06:34:09.4935 | Debug | Aggregating records in 'Counter' table... 
2018-02-09 06:39:09.4992 | Debug | Aggregating records in 'Counter' table... 
2018-02-09 06:44:09.5051 | Debug | Aggregating records in 'Counter' table... 
2018-02-09 06:49:09.5107 | Debug | Aggregating records in 'Counter' table... 
2018-02-09 06:49:15.4924 | Debug | Removing outdated records from table 'AggregatedCounter'... 
2018-02-09 06:49:15.4964 | Debug | delete from `AggregatedCounter` where ExpireAt < @now limit @count; 
2018-02-09 06:49:15.5581 | Debug | removed records count=0 
2018-02-09 06:49:15.5581 | Debug | Removing outdated records from table 'Job'... 
2018-02-09 06:49:15.5581 | Debug | delete from `Job` where ExpireAt < @now limit @count; 
2018-02-09 06:49:15.6164 | Debug | removed records count=0 
2018-02-09 06:49:15.6164 | Debug | Removing outdated records from table 'List'... 
2018-02-09 06:49:15.6211 | Debug | delete from `List` where ExpireAt < @now limit @count; 
2018-02-09 06:49:15.6664 | Debug | removed records count=0 
2018-02-09 06:49:15.6664 | Debug | Removing outdated records from table 'Set'... 
2018-02-09 06:49:15.6664 | Debug | delete from `Set` where ExpireAt < @now limit @count; 
2018-02-09 06:49:15.7248 | Debug | removed records count=0 
2018-02-09 06:49:15.7248 | Debug | Removing outdated records from table 'Hash'... 
2018-02-09 06:49:15.7301 | Debug | delete from `Hash` where ExpireAt < @now limit @count; 
2018-02-09 06:49:15.7831 | Debug | removed records count=0 
2018-02-09 06:54:09.5158 | Debug | Aggregating records in 'Counter' table... 
2018-02-09 06:59:09.5217 | Debug | Aggregating records in 'Counter' table... 
2018-02-09 07:04:09.5276 | Debug | Aggregating records in 'Counter' table... 
2018-02-09 07:09:09.5329 | Debug | Aggregating records in 'Counter' table... 
2018-02-09 07:14:09.5387 | Debug | Aggregating records in 'Counter' table... 
2018-02-09 07:19:09.5439 | Debug | Aggregating records in 'Counter' table... 
2018-02-09 07:24:09.5498 | Debug | Aggregating records in 'Counter' table... 
2018-02-09 07:29:09.5553 | Debug | Aggregating records in 'Counter' table... 
2018-02-09 07:34:09.5625 | Debug | Aggregating records in 'Counter' table... 
2018-02-09 07:39:09.5730 | Debug | Aggregating records in 'Counter' table... 
2018-02-09 07:44:09.5805 | Debug | Aggregating records in 'Counter' table... 
2018-02-09 07:49:09.5882 | Debug | Aggregating records in 'Counter' table... 
2018-02-09 07:49:15.7842 | Debug | Removing outdated records from table 'AggregatedCounter'... 
2018-02-09 07:49:15.7842 | Debug | delete from `AggregatedCounter` where ExpireAt < @now limit @count; 
2018-02-09 07:49:15.8402 | Debug | removed records count=0 
2018-02-09 07:49:15.8402 | Debug | Removing outdated records from table 'Job'... 
2018-02-09 07:49:15.8402 | Debug | delete from `Job` where ExpireAt < @now limit @count; 
2018-02-09 07:49:15.8971 | Debug | removed records count=0 
2018-02-09 07:49:15.8971 | Debug | Removing outdated records from table 'List'... 
2018-02-09 07:49:15.9021 | Debug | delete from `List` where ExpireAt < @now limit @count; 
2018-02-09 07:49:15.9553 | Debug | removed records count=0 
2018-02-09 07:49:15.9553 | Debug | Removing outdated records from table 'Set'... 
2018-02-09 07:49:15.9553 | Debug | delete from `Set` where ExpireAt < @now limit @count; 
2018-02-09 07:49:16.0137 | Debug | removed records count=0 
2018-02-09 07:49:16.0137 | Debug | Removing outdated records from table 'Hash'... 
2018-02-09 07:49:16.0137 | Debug | delete from `Hash` where ExpireAt < @now limit @count; 
2018-02-09 07:49:16.0637 | Debug | removed records count=0 
2018-02-09 07:54:09.5957 | Debug | Aggregating records in 'Counter' table... 
2018-02-09 07:59:09.6012 | Debug | Aggregating records in 'Counter' table... 
2018-02-09 08:04:09.6108 | Debug | Aggregating records in 'Counter' table... 
2018-02-09 08:09:09.6168 | Debug | Aggregating records in 'Counter' table... 
2018-02-09 08:14:09.6244 | Debug | Aggregating records in 'Counter' table... 
2018-02-09 08:19:09.6317 | Debug | Aggregating records in 'Counter' table... 
2018-02-09 08:24:09.6405 | Debug | Aggregating records in 'Counter' table... 
2018-02-09 08:29:09.6457 | Debug | Aggregating records in 'Counter' table... 
2018-02-09 08:34:09.6536 | Debug | Aggregating records in 'Counter' table... 
2018-02-09 08:39:09.6630 | Debug | Aggregating records in 'Counter' table... 
2018-02-09 08:44:48.1722 | Debug | Background process 'BackgroundProcessingServer' started. 
2018-02-09 08:44:48.4237 | Debug | Background process 'ServerHeartbeat' started. 
2018-02-09 08:44:48.4237 | Debug | Background process 'ServerWatchdog' started. 
2018-02-09 08:44:48.4494 | Debug | Background process 'Hangfire.MySql.ExpirationManager' started. 
2018-02-09 08:44:48.4494 | Debug | Removing outdated records from table 'AggregatedCounter'... 
2018-02-09 08:44:48.4494 | Debug | Background process 'Hangfire.MySql.CountersAggregator' started. 
2018-02-09 08:44:48.4494 | Debug | Aggregating records in 'Counter' table... 
2018-02-09 08:44:48.4640 | Debug | delete from `AggregatedCounter` where ExpireAt < @now limit @count; 
2018-02-09 08:44:48.4640 | Debug | Background process 'Worker #bef387c7' started. 
2018-02-09 08:44:48.5214 | Debug | Background process 'Worker #cc715459' started. 
2018-02-09 08:44:48.5516 | Debug | Background process 'Worker #ae626b86' started. 
2018-02-09 08:44:48.5605 | Debug | Background process 'Worker #83f38ce7' started. 
2018-02-09 08:44:48.5605 | Debug | removed records count=0 
2018-02-09 08:44:48.5605 | Debug | Removing outdated records from table 'Job'... 
2018-02-09 08:44:48.5605 | Debug | delete from `Job` where ExpireAt < @now limit @count; 
2018-02-09 08:44:48.5770 | Debug | Background process 'Worker #c46ca8c7' started. 
2018-02-09 08:44:48.5919 | Debug | Background process 'Worker #3db9a1fa' started. 
2018-02-09 08:44:48.6118 | Debug | Background process 'Worker #daeb27ba' started. 
2018-02-09 08:44:48.6118 | Debug | Background process 'Worker #ba13b9d3' started. 
2018-02-09 08:44:48.6221 | Debug | Background process 'Worker #be534a55' started. 
2018-02-09 08:44:48.6221 | Debug | Background process 'Worker #6dd775fc' started. 
2018-02-09 08:44:48.6221 | Debug | Background process 'Worker #3a9d711c' started. 
2018-02-09 08:44:48.6395 | Debug | Background process 'Worker #6e99704d' started. 
2018-02-09 08:44:48.6395 | Debug | Background process 'Worker #a9df74f3' started. 
2018-02-09 08:44:48.6395 | Debug | Background process 'Worker #069d769d' started. 
2018-02-09 08:44:48.6395 | Debug | Background process 'Worker #5ccf04b7' started. 
2018-02-09 08:44:48.6599 | Debug | Background process 'Worker #b47e6cc7' started. 
2018-02-09 08:44:48.6699 | Debug | Background process 'Worker #66c13ece' started. 
2018-02-09 08:44:48.6699 | Debug | Background process 'Worker #96cce7bf' started. 
2018-02-09 08:44:48.6862 | Debug | Background process 'Worker #a7f7fce7' started. 
2018-02-09 08:44:48.6862 | Debug | Background process 'Worker #ffa4955b' started. 
2018-02-09 08:44:48.6862 | Debug | Background process 'DelayedJobScheduler' started. 
2018-02-09 08:44:48.6862 | Debug | Background process 'RecurringJobScheduler' started. 
2018-02-09 08:44:48.7261 | Debug | removed records count=0 
2018-02-09 08:44:48.7261 | Debug | Removing outdated records from table 'List'... 
2018-02-09 08:44:48.7364 | Debug | delete from `List` where ExpireAt < @now limit @count; 
2018-02-09 08:44:48.8233 | Debug | removed records count=0 
2018-02-09 08:44:48.8233 | Debug | Removing outdated records from table 'Set'... 
2018-02-09 08:44:48.8233 | Debug | delete from `Set` where ExpireAt < @now limit @count; 
2018-02-09 08:44:48.9935 | Debug | removed records count=0 
2018-02-09 08:44:48.9967 | Debug | Removing outdated records from table 'Hash'... 
2018-02-09 08:44:48.9967 | Debug | delete from `Hash` where ExpireAt < @now limit @count; 
2018-02-09 08:44:49.2069 | Debug | removed records count=0 
2018-02-09 08:49:48.4708 | Debug | Aggregating records in 'Counter' table... 
2018-02-09 08:54:48.4756 | Debug | Aggregating records in 'Counter' table... 
2018-02-09 08:59:48.4810 | Debug | Aggregating records in 'Counter' table... 
2018-02-09 09:04:48.4881 | Debug | Aggregating records in 'Counter' table... 
2018-02-09 09:09:48.4919 | Debug | Aggregating records in 'Counter' table... 
2018-02-09 09:14:48.4974 | Debug | Aggregating records in 'Counter' table... 
2018-02-09 09:19:48.5027 | Debug | Aggregating records in 'Counter' table... 
2018-02-09 09:24:48.5075 | Debug | Aggregating records in 'Counter' table... 
2018-02-09 09:29:48.5119 | Debug | Aggregating records in 'Counter' table... 
2018-02-09 09:34:48.5167 | Debug | Aggregating records in 'Counter' table... 
2018-02-09 09:39:48.5215 | Debug | Aggregating records in 'Counter' table... 
2018-02-09 09:42:57.1823 | Debug | Background process 'BackgroundProcessingServer' started. 
2018-02-09 09:42:57.4126 | Debug | Background process 'ServerHeartbeat' started. 
2018-02-09 09:42:57.4126 | Debug | Background process 'ServerWatchdog' started. 
2018-02-09 09:42:57.4202 | Debug | Background process 'Hangfire.MySql.ExpirationManager' started. 
2018-02-09 09:42:57.4202 | Debug | Removing outdated records from table 'AggregatedCounter'... 
2018-02-09 09:42:57.4202 | Debug | Background process 'Hangfire.MySql.CountersAggregator' started. 
2018-02-09 09:42:57.4202 | Debug | delete from `AggregatedCounter` where ExpireAt < @now limit @count; 
2018-02-09 09:42:57.4202 | Debug | Aggregating records in 'Counter' table... 
2018-02-09 09:42:57.4202 | Debug | Background process 'Worker #ac553175' started. 
2018-02-09 09:42:57.4377 | Debug | Background process 'Worker #5988640a' started. 
2018-02-09 09:42:57.4377 | Debug | Background process 'Worker #584eeb27' started. 
2018-02-09 09:42:57.4377 | Debug | Background process 'Worker #2616e4b2' started. 
2018-02-09 09:42:57.4377 | Debug | Background process 'Worker #9f96295d' started. 
2018-02-09 09:42:57.4503 | Debug | Background process 'Worker #67210d5d' started. 
2018-02-09 09:42:57.4503 | Debug | Background process 'Worker #b2a216b5' started. 
2018-02-09 09:42:57.4503 | Debug | Background process 'Worker #104a5330' started. 
2018-02-09 09:42:57.4503 | Debug | Background process 'Worker #65bc7cff' started. 
2018-02-09 09:42:57.4503 | Debug | Background process 'Worker #0cda0f56' started. 
2018-02-09 09:42:57.4503 | Debug | Background process 'Worker #8429d9a9' started. 
2018-02-09 09:42:57.4503 | Debug | Background process 'Worker #3ebcd1a9' started. 
2018-02-09 09:42:57.4660 | Debug | Background process 'Worker #87cbb529' started. 
2018-02-09 09:42:57.4660 | Debug | Background process 'Worker #0fc7fef3' started. 
2018-02-09 09:42:57.4660 | Debug | Background process 'Worker #a5b66b28' started. 
2018-02-09 09:42:57.4660 | Debug | Background process 'Worker #639a82ad' started. 
2018-02-09 09:42:57.4794 | Debug | Background process 'Worker #b89ad882' started. 
2018-02-09 09:42:57.4794 | Debug | Background process 'Worker #f565387f' started. 
2018-02-09 09:42:57.4794 | Debug | Background process 'Worker #5c4df29e' started. 
2018-02-09 09:42:57.4794 | Debug | Background process 'Worker #d43fe3bc' started. 
2018-02-09 09:42:57.4962 | Debug | Background process 'DelayedJobScheduler' started. 
2018-02-09 09:42:57.4962 | Debug | Background process 'RecurringJobScheduler' started. 
2018-02-09 09:42:57.5166 | Debug | removed records count=0 
2018-02-09 09:42:57.5166 | Debug | Removing outdated records from table 'Job'... 
2018-02-09 09:42:57.5166 | Debug | delete from `Job` where ExpireAt < @now limit @count; 
2018-02-09 09:42:57.6380 | Debug | removed records count=0 
2018-02-09 09:42:57.6380 | Debug | Removing outdated records from table 'List'... 
2018-02-09 09:42:57.6380 | Debug | delete from `List` where ExpireAt < @now limit @count; 
2018-02-09 09:42:57.7130 | Debug | removed records count=0 
2018-02-09 09:42:57.7141 | Debug | Removing outdated records from table 'Set'... 
2018-02-09 09:42:57.7141 | Debug | delete from `Set` where ExpireAt < @now limit @count; 
2018-02-09 09:42:57.7630 | Debug | removed records count=0 
2018-02-09 09:42:57.7630 | Debug | Removing outdated records from table 'Hash'... 
2018-02-09 09:42:57.7630 | Debug | delete from `Hash` where ExpireAt < @now limit @count; 
2018-02-09 09:42:57.8131 | Debug | removed records count=0 
2018-02-09 09:47:57.4371 | Debug | Aggregating records in 'Counter' table... 
2018-02-09 09:52:57.4425 | Debug | Aggregating records in 'Counter' table... 
2018-02-09 09:57:57.4484 | Debug | Aggregating records in 'Counter' table... 
2018-02-09 10:02:57.4545 | Debug | Aggregating records in 'Counter' table... 
2018-02-09 10:07:57.4594 | Debug | Aggregating records in 'Counter' table... 
2018-02-09 10:12:57.4647 | Debug | Aggregating records in 'Counter' table... 
2018-02-09 10:17:57.4698 | Debug | Aggregating records in 'Counter' table... 
2018-02-09 10:22:55.0070 | Debug | Aggregating records in 'Counter' table... 
2018-02-09 10:27:55.0126 | Debug | Aggregating records in 'Counter' table... 
2018-02-09 10:32:55.0179 | Debug | Aggregating records in 'Counter' table... 
