2018-03-14 09:14:39.6537 | Error | ---获取游戏配置--- Flurl.Http.FlurlHttpException: GET http://43.247.89.19:58083/getconfig.nd?gameid=20011 failed. Unexpected end when reading JSON. Path '', line 1, position 4. ---> Newtonsoft.Json.JsonReaderException: Unexpected end when reading JSON. Path '', line 1, position 4.
   at Newtonsoft.Json.JsonTextReader.MatchValue(Boolean enoughChars, String value)
   at Newtonsoft.Json.JsonTextReader.MatchValueWithTrailingSeparator(String value)
   at Newtonsoft.Json.JsonTextReader.ParseFalse()
   at Newtonsoft.Json.JsonTextReader.ParseValue()
   at Newtonsoft.Json.JsonReader.ReadForType(JsonContract contract, Boolean hasConverter)
   at Newtonsoft.Json.Serialization.JsonSerializerInternalReader.Deserialize(JsonReader reader, Type objectType, Boolean checkAdditionalContent)
   at Newtonsoft.Json.JsonSerializer.DeserializeInternal(JsonReader reader, Type objectType)
   at Newtonsoft.Json.JsonSerializer.Deserialize[T](JsonReader reader)
   at Flurl.Http.Configuration.NewtonsoftJsonSerializer.Deserialize[T](Stream stream)
   at Flurl.Http.HttpResponseMessageExtensions.<ReceiveJson>d__0`1.MoveNext()
   --- End of inner exception stack trace ---
   at Flurl.Http.HttpResponseMessageExtensions.<ReceiveJson>d__0`1.MoveNext()
--- End of stack trace from previous location where exception was thrown ---
   at System.Runtime.ExceptionServices.ExceptionDispatchInfo.Throw()
   at System.Runtime.CompilerServices.TaskAwaiter.HandleNonSuccessAndDebuggerNotification(Task task)
   at Flurl.Http.HttpResponseMessageExtensions.<ReceiveJson>d__1.MoveNext()
--- End of stack trace from previous location where exception was thrown ---
   at System.Runtime.ExceptionServices.ExceptionDispatchInfo.Throw()
   at System.Runtime.CompilerServices.TaskAwaiter.HandleNonSuccessAndDebuggerNotification(Task task)
   at Hydra.Admin.API.Controllers.GameController.<>c__DisplayClass4_0.<<GetGameConfig>b__0>d.MoveNext() in E:\PH.Game\Hydra\AdminServer\01.Hydra.Admin.Presentation\Hydra.Admin.API\Controllers\GameController.cs:line 122
--- End of stack trace from previous location where exception was thrown ---
   at System.Runtime.ExceptionServices.ExceptionDispatchInfo.Throw()
   at System.Runtime.CompilerServices.TaskAwaiter.HandleNonSuccessAndDebuggerNotification(Task task)
   at Hydra.Admin.API.Controllers.BaseAPIController.<APIFuncOTAsync>d__4.MoveNext() in E:\PH.Game\Hydra\AdminServer\01.Hydra.Admin.Presentation\Hydra.Admin.API\Controllers\BaseAPIController.cs:line 120 
 ExecutionContext.Run => <APIFuncOTAsync>d__4.MoveNext => Log.Error 

2018-03-14 09:14:41.1018 | Error | ---获取游戏配置--- Flurl.Http.FlurlHttpException: GET http://43.247.89.19:58083/getconfig.nd?gameid=10021 failed. Unexpected end when reading JSON. Path '', line 1, position 4. ---> Newtonsoft.Json.JsonReaderException: Unexpected end when reading JSON. Path '', line 1, position 4.
   at Newtonsoft.Json.JsonTextReader.MatchValue(Boolean enoughChars, String value)
   at Newtonsoft.Json.JsonTextReader.MatchValueWithTrailingSeparator(String value)
   at Newtonsoft.Json.JsonTextReader.ParseFalse()
   at Newtonsoft.Json.JsonTextReader.ParseValue()
   at Newtonsoft.Json.JsonReader.ReadForType(JsonContract contract, Boolean hasConverter)
   at Newtonsoft.Json.Serialization.JsonSerializerInternalReader.Deserialize(JsonReader reader, Type objectType, Boolean checkAdditionalContent)
   at Newtonsoft.Json.JsonSerializer.DeserializeInternal(JsonReader reader, Type objectType)
   at Newtonsoft.Json.JsonSerializer.Deserialize[T](JsonReader reader)
   at Flurl.Http.Configuration.NewtonsoftJsonSerializer.Deserialize[T](Stream stream)
   at Flurl.Http.HttpResponseMessageExtensions.<ReceiveJson>d__0`1.MoveNext()
   --- End of inner exception stack trace ---
   at Flurl.Http.HttpResponseMessageExtensions.<ReceiveJson>d__0`1.MoveNext()
--- End of stack trace from previous location where exception was thrown ---
   at System.Runtime.ExceptionServices.ExceptionDispatchInfo.Throw()
   at System.Runtime.CompilerServices.TaskAwaiter.HandleNonSuccessAndDebuggerNotification(Task task)
   at Flurl.Http.HttpResponseMessageExtensions.<ReceiveJson>d__1.MoveNext()
--- End of stack trace from previous location where exception was thrown ---
   at System.Runtime.ExceptionServices.ExceptionDispatchInfo.Throw()
   at System.Runtime.CompilerServices.TaskAwaiter.HandleNonSuccessAndDebuggerNotification(Task task)
   at Hydra.Admin.API.Controllers.GameController.<>c__DisplayClass4_0.<<GetGameConfig>b__0>d.MoveNext() in E:\PH.Game\Hydra\AdminServer\01.Hydra.Admin.Presentation\Hydra.Admin.API\Controllers\GameController.cs:line 122
--- End of stack trace from previous location where exception was thrown ---
   at System.Runtime.ExceptionServices.ExceptionDispatchInfo.Throw()
   at System.Runtime.CompilerServices.TaskAwaiter.HandleNonSuccessAndDebuggerNotification(Task task)
   at Hydra.Admin.API.Controllers.BaseAPIController.<APIFuncOTAsync>d__4.MoveNext() in E:\PH.Game\Hydra\AdminServer\01.Hydra.Admin.Presentation\Hydra.Admin.API\Controllers\BaseAPIController.cs:line 120 
 ExecutionContext.Run => <APIFuncOTAsync>d__4.MoveNext => Log.Error 

2018-03-14 09:14:41.6771 | Error | ---获取游戏配置--- Flurl.Http.FlurlHttpException: GET http://43.247.89.19:58083/getconfig.nd?gameid=10031 failed. Unexpected end when reading JSON. Path '', line 1, position 4. ---> Newtonsoft.Json.JsonReaderException: Unexpected end when reading JSON. Path '', line 1, position 4.
   at Newtonsoft.Json.JsonTextReader.MatchValue(Boolean enoughChars, String value)
   at Newtonsoft.Json.JsonTextReader.MatchValueWithTrailingSeparator(String value)
   at Newtonsoft.Json.JsonTextReader.ParseFalse()
   at Newtonsoft.Json.JsonTextReader.ParseValue()
   at Newtonsoft.Json.JsonReader.ReadForType(JsonContract contract, Boolean hasConverter)
   at Newtonsoft.Json.Serialization.JsonSerializerInternalReader.Deserialize(JsonReader reader, Type objectType, Boolean checkAdditionalContent)
   at Newtonsoft.Json.JsonSerializer.DeserializeInternal(JsonReader reader, Type objectType)
   at Newtonsoft.Json.JsonSerializer.Deserialize[T](JsonReader reader)
   at Flurl.Http.Configuration.NewtonsoftJsonSerializer.Deserialize[T](Stream stream)
   at Flurl.Http.HttpResponseMessageExtensions.<ReceiveJson>d__0`1.MoveNext()
   --- End of inner exception stack trace ---
   at Flurl.Http.HttpResponseMessageExtensions.<ReceiveJson>d__0`1.MoveNext()
--- End of stack trace from previous location where exception was thrown ---
   at System.Runtime.ExceptionServices.ExceptionDispatchInfo.Throw()
   at System.Runtime.CompilerServices.TaskAwaiter.HandleNonSuccessAndDebuggerNotification(Task task)
   at Flurl.Http.HttpResponseMessageExtensions.<ReceiveJson>d__1.MoveNext()
--- End of stack trace from previous location where exception was thrown ---
   at System.Runtime.ExceptionServices.ExceptionDispatchInfo.Throw()
   at System.Runtime.CompilerServices.TaskAwaiter.HandleNonSuccessAndDebuggerNotification(Task task)
   at Hydra.Admin.API.Controllers.GameController.<>c__DisplayClass4_0.<<GetGameConfig>b__0>d.MoveNext() in E:\PH.Game\Hydra\AdminServer\01.Hydra.Admin.Presentation\Hydra.Admin.API\Controllers\GameController.cs:line 122
--- End of stack trace from previous location where exception was thrown ---
   at System.Runtime.ExceptionServices.ExceptionDispatchInfo.Throw()
   at System.Runtime.CompilerServices.TaskAwaiter.HandleNonSuccessAndDebuggerNotification(Task task)
   at Hydra.Admin.API.Controllers.BaseAPIController.<APIFuncOTAsync>d__4.MoveNext() in E:\PH.Game\Hydra\AdminServer\01.Hydra.Admin.Presentation\Hydra.Admin.API\Controllers\BaseAPIController.cs:line 120 
 ExecutionContext.Run => <APIFuncOTAsync>d__4.MoveNext => Log.Error 

2018-03-14 09:14:42.5247 | Error | ---获取游戏配置--- Flurl.Http.FlurlHttpException: GET http://43.247.89.19:58083/getconfig.nd?gameid=30011 failed. Unexpected end when reading JSON. Path '', line 1, position 4. ---> Newtonsoft.Json.JsonReaderException: Unexpected end when reading JSON. Path '', line 1, position 4.
   at Newtonsoft.Json.JsonTextReader.MatchValue(Boolean enoughChars, String value)
   at Newtonsoft.Json.JsonTextReader.MatchValueWithTrailingSeparator(String value)
   at Newtonsoft.Json.JsonTextReader.ParseFalse()
   at Newtonsoft.Json.JsonTextReader.ParseValue()
   at Newtonsoft.Json.JsonReader.ReadForType(JsonContract contract, Boolean hasConverter)
   at Newtonsoft.Json.Serialization.JsonSerializerInternalReader.Deserialize(JsonReader reader, Type objectType, Boolean checkAdditionalContent)
   at Newtonsoft.Json.JsonSerializer.DeserializeInternal(JsonReader reader, Type objectType)
   at Newtonsoft.Json.JsonSerializer.Deserialize[T](JsonReader reader)
   at Flurl.Http.Configuration.NewtonsoftJsonSerializer.Deserialize[T](Stream stream)
   at Flurl.Http.HttpResponseMessageExtensions.<ReceiveJson>d__0`1.MoveNext()
   --- End of inner exception stack trace ---
   at Flurl.Http.HttpResponseMessageExtensions.<ReceiveJson>d__0`1.MoveNext()
--- End of stack trace from previous location where exception was thrown ---
   at System.Runtime.ExceptionServices.ExceptionDispatchInfo.Throw()
   at System.Runtime.CompilerServices.TaskAwaiter.HandleNonSuccessAndDebuggerNotification(Task task)
   at Flurl.Http.HttpResponseMessageExtensions.<ReceiveJson>d__1.MoveNext()
--- End of stack trace from previous location where exception was thrown ---
   at System.Runtime.ExceptionServices.ExceptionDispatchInfo.Throw()
   at System.Runtime.CompilerServices.TaskAwaiter.HandleNonSuccessAndDebuggerNotification(Task task)
   at Hydra.Admin.API.Controllers.GameController.<>c__DisplayClass4_0.<<GetGameConfig>b__0>d.MoveNext() in E:\PH.Game\Hydra\AdminServer\01.Hydra.Admin.Presentation\Hydra.Admin.API\Controllers\GameController.cs:line 122
--- End of stack trace from previous location where exception was thrown ---
   at System.Runtime.ExceptionServices.ExceptionDispatchInfo.Throw()
   at System.Runtime.CompilerServices.TaskAwaiter.HandleNonSuccessAndDebuggerNotification(Task task)
   at Hydra.Admin.API.Controllers.BaseAPIController.<APIFuncOTAsync>d__4.MoveNext() in E:\PH.Game\Hydra\AdminServer\01.Hydra.Admin.Presentation\Hydra.Admin.API\Controllers\BaseAPIController.cs:line 120 
 ExecutionContext.Run => <APIFuncOTAsync>d__4.MoveNext => Log.Error 

