2018-02-01 09:25:29.5222 | Error | ---获取玩家相关信息--- Flurl.Http.FlurlHttpException: GET http://192.168.0.180:58083/getPlayerRelated.nd?typeId=0&gameId=0&p=1&size=20 failed. Unexpected end when reading JSON. Path '', line 1, position 4. ---> Newtonsoft.Json.JsonReaderException: Unexpected end when reading JSON. Path '', line 1, position 4.
   at Newtonsoft.Json.JsonTextReader.MatchValue(Boolean enoughChars, String value)
   at Newtonsoft.Json.JsonTextReader.MatchValueWithTrailingSeparator(String value)
   at Newtonsoft.Json.JsonTextReader.ParseFalse()
   at Newtonsoft.Json.JsonTextReader.ParseValue()
   at Newtonsoft.Json.JsonReader.ReadForType(JsonContract contract, Boolean hasConverter)
   at Newtonsoft.Json.Serialization.JsonSerializerInternalReader.Deserialize(JsonReader reader, Type objectType, Boolean checkAdditionalContent)
   at Newtonsoft.Json.JsonSerializer.DeserializeInternal(JsonReader reader, Type objectType)
   at Newtonsoft.Json.JsonSerializer.Deserialize[T](JsonReader reader)
   at Flurl.Http.Configuration.NewtonsoftJsonSerializer.Deserialize[T](Stream stream)
   at Flurl.Http.HttpResponseMessageExtensions.<ReceiveJson>d__0`1.MoveNext()
   --- End of inner exception stack trace ---
   at Flurl.Http.HttpResponseMessageExtensions.<ReceiveJson>d__0`1.MoveNext()
--- End of stack trace from previous location where exception was thrown ---
   at System.Runtime.ExceptionServices.ExceptionDispatchInfo.Throw()
   at System.Runtime.CompilerServices.TaskAwaiter.HandleNonSuccessAndDebuggerNotification(Task task)
   at Flurl.Http.HttpResponseMessageExtensions.<ReceiveJson>d__1.MoveNext()
--- End of stack trace from previous location where exception was thrown ---
   at System.Runtime.ExceptionServices.ExceptionDispatchInfo.Throw()
   at System.Runtime.CompilerServices.TaskAwaiter.HandleNonSuccessAndDebuggerNotification(Task task)
   at System.Runtime.CompilerServices.TaskAwaiter`1.GetResult()
   at Hydra.Admin.API.Controllers.GameController.<>c__DisplayClass20_0.<<GetPlayerRelated>b__0>d.MoveNext() in E:\PH.Game\Hydra\AdminServer\01.Hydra.Admin.Presentation\Hydra.Admin.API\Controllers\GameController.cs:line 496
--- End of stack trace from previous location where exception was thrown ---
   at System.Runtime.ExceptionServices.ExceptionDispatchInfo.Throw()
   at System.Runtime.CompilerServices.TaskAwaiter.HandleNonSuccessAndDebuggerNotification(Task task)
   at System.Runtime.CompilerServices.TaskAwaiter`1.GetResult()
   at Hydra.Admin.API.Controllers.BaseAPIController.<APIFuncOTAsync>d__4.MoveNext() in E:\PH.Game\Hydra\AdminServer\01.Hydra.Admin.Presentation\Hydra.Admin.API\Controllers\BaseAPIController.cs:line 120 
 ExecutionContext.Run => <APIFuncOTAsync>d__4.MoveNext => Log.Error 

2018-02-01 09:25:33.0883 | Error | ---获取玩家相关信息--- Flurl.Http.FlurlHttpException: GET http://192.168.0.180:58083/getPlayerRelated.nd?typeId=0&gameId=0&p=1&size=20 failed. Unexpected end when reading JSON. Path '', line 1, position 4. ---> Newtonsoft.Json.JsonReaderException: Unexpected end when reading JSON. Path '', line 1, position 4.
   at Newtonsoft.Json.JsonTextReader.MatchValue(Boolean enoughChars, String value)
   at Newtonsoft.Json.JsonTextReader.MatchValueWithTrailingSeparator(String value)
   at Newtonsoft.Json.JsonTextReader.ParseFalse()
   at Newtonsoft.Json.JsonTextReader.ParseValue()
   at Newtonsoft.Json.JsonReader.ReadForType(JsonContract contract, Boolean hasConverter)
   at Newtonsoft.Json.Serialization.JsonSerializerInternalReader.Deserialize(JsonReader reader, Type objectType, Boolean checkAdditionalContent)
   at Newtonsoft.Json.JsonSerializer.DeserializeInternal(JsonReader reader, Type objectType)
   at Newtonsoft.Json.JsonSerializer.Deserialize[T](JsonReader reader)
   at Flurl.Http.Configuration.NewtonsoftJsonSerializer.Deserialize[T](Stream stream)
   at Flurl.Http.HttpResponseMessageExtensions.<ReceiveJson>d__0`1.MoveNext()
   --- End of inner exception stack trace ---
   at Flurl.Http.HttpResponseMessageExtensions.<ReceiveJson>d__0`1.MoveNext()
--- End of stack trace from previous location where exception was thrown ---
   at System.Runtime.ExceptionServices.ExceptionDispatchInfo.Throw()
   at System.Runtime.CompilerServices.TaskAwaiter.HandleNonSuccessAndDebuggerNotification(Task task)
   at Flurl.Http.HttpResponseMessageExtensions.<ReceiveJson>d__1.MoveNext()
--- End of stack trace from previous location where exception was thrown ---
   at System.Runtime.ExceptionServices.ExceptionDispatchInfo.Throw()
   at System.Runtime.CompilerServices.TaskAwaiter.HandleNonSuccessAndDebuggerNotification(Task task)
   at System.Runtime.CompilerServices.TaskAwaiter`1.GetResult()
   at Hydra.Admin.API.Controllers.GameController.<>c__DisplayClass20_0.<<GetPlayerRelated>b__0>d.MoveNext() in E:\PH.Game\Hydra\AdminServer\01.Hydra.Admin.Presentation\Hydra.Admin.API\Controllers\GameController.cs:line 496
--- End of stack trace from previous location where exception was thrown ---
   at System.Runtime.ExceptionServices.ExceptionDispatchInfo.Throw()
   at System.Runtime.CompilerServices.TaskAwaiter.HandleNonSuccessAndDebuggerNotification(Task task)
   at System.Runtime.CompilerServices.TaskAwaiter`1.GetResult()
   at Hydra.Admin.API.Controllers.BaseAPIController.<APIFuncOTAsync>d__4.MoveNext() in E:\PH.Game\Hydra\AdminServer\01.Hydra.Admin.Presentation\Hydra.Admin.API\Controllers\BaseAPIController.cs:line 120 
 ExecutionContext.Run => <APIFuncOTAsync>d__4.MoveNext => Log.Error 

2018-02-01 09:47:12.2132 | Error | ---获取玩家相关信息--- Flurl.Http.FlurlHttpException: GET http://192.168.0.180:58083/getPlayerRelated.nd?typeId=0&gameId=0&p=1&size=20 failed. Unexpected end when reading JSON. Path '', line 1, position 4. ---> Newtonsoft.Json.JsonReaderException: Unexpected end when reading JSON. Path '', line 1, position 4.
   at Newtonsoft.Json.JsonTextReader.MatchValue(Boolean enoughChars, String value)
   at Newtonsoft.Json.JsonTextReader.MatchValueWithTrailingSeparator(String value)
   at Newtonsoft.Json.JsonTextReader.ParseFalse()
   at Newtonsoft.Json.JsonTextReader.ParseValue()
   at Newtonsoft.Json.JsonReader.ReadForType(JsonContract contract, Boolean hasConverter)
   at Newtonsoft.Json.Serialization.JsonSerializerInternalReader.Deserialize(JsonReader reader, Type objectType, Boolean checkAdditionalContent)
   at Newtonsoft.Json.JsonSerializer.DeserializeInternal(JsonReader reader, Type objectType)
   at Newtonsoft.Json.JsonSerializer.Deserialize[T](JsonReader reader)
   at Flurl.Http.Configuration.NewtonsoftJsonSerializer.Deserialize[T](Stream stream)
   at Flurl.Http.HttpResponseMessageExtensions.<ReceiveJson>d__0`1.MoveNext()
   --- End of inner exception stack trace ---
   at Flurl.Http.HttpResponseMessageExtensions.<ReceiveJson>d__0`1.MoveNext()
--- End of stack trace from previous location where exception was thrown ---
   at System.Runtime.ExceptionServices.ExceptionDispatchInfo.Throw()
   at System.Runtime.CompilerServices.TaskAwaiter.HandleNonSuccessAndDebuggerNotification(Task task)
   at Flurl.Http.HttpResponseMessageExtensions.<ReceiveJson>d__1.MoveNext()
--- End of stack trace from previous location where exception was thrown ---
   at System.Runtime.ExceptionServices.ExceptionDispatchInfo.Throw()
   at System.Runtime.CompilerServices.TaskAwaiter.HandleNonSuccessAndDebuggerNotification(Task task)
   at System.Runtime.CompilerServices.TaskAwaiter`1.GetResult()
   at Hydra.Admin.API.Controllers.GameController.<>c__DisplayClass20_0.<<GetPlayerRelated>b__0>d.MoveNext() in E:\PH.Game\Hydra\AdminServer\01.Hydra.Admin.Presentation\Hydra.Admin.API\Controllers\GameController.cs:line 496
--- End of stack trace from previous location where exception was thrown ---
   at System.Runtime.ExceptionServices.ExceptionDispatchInfo.Throw()
   at System.Runtime.CompilerServices.TaskAwaiter.HandleNonSuccessAndDebuggerNotification(Task task)
   at System.Runtime.CompilerServices.TaskAwaiter`1.GetResult()
   at Hydra.Admin.API.Controllers.BaseAPIController.<APIFuncOTAsync>d__4.MoveNext() in E:\PH.Game\Hydra\AdminServer\01.Hydra.Admin.Presentation\Hydra.Admin.API\Controllers\BaseAPIController.cs:line 120 
 ExecutionContext.Run => <APIFuncOTAsync>d__4.MoveNext => Log.Error 

