2018-02-02 09:50:09.5524 | Error | ---获取充值商品--- Flurl.Http.FlurlHttpException: GET http://192.168.0.180:58083/getProduct.nd?p=1&size=20 failed. An error occurred while sending the request. ---> System.Net.Http.HttpRequestException: An error occurred while sending the request. ---> System.Net.Http.WinHttpException: 与服务器的连接意外终止
   at System.Runtime.ExceptionServices.ExceptionDispatchInfo.Throw()
   at System.Threading.Tasks.RendezvousAwaitable`1.GetResult()
   at System.Net.Http.WinHttpHandler.<StartRequest>d__105.MoveNext()
   --- End of inner exception stack trace ---
   at System.Runtime.ExceptionServices.ExceptionDispatchInfo.Throw()
   at System.Runtime.CompilerServices.TaskAwaiter.HandleNonSuccessAndDebuggerNotification(Task task)
   at System.Runtime.CompilerServices.ConfiguredTaskAwaitable`1.ConfiguredTaskAwaiter.GetResult()
   at System.Net.Http.DiagnosticsHandler.<SendAsync>d__2.MoveNext()
--- End of stack trace from previous location where exception was thrown ---
   at System.Runtime.ExceptionServices.ExceptionDispatchInfo.Throw()
   at System.Runtime.CompilerServices.TaskAwaiter.HandleNonSuccessAndDebuggerNotification(Task task)
   at System.Runtime.CompilerServices.ConfiguredTaskAwaitable`1.ConfiguredTaskAwaiter.GetResult()
   at System.Net.Http.HttpClient.<FinishSendAsyncBuffered>d__58.MoveNext()
--- End of stack trace from previous location where exception was thrown ---
   at System.Runtime.ExceptionServices.ExceptionDispatchInfo.Throw()
   at System.Runtime.CompilerServices.TaskAwaiter.HandleNonSuccessAndDebuggerNotification(Task task)
   at Flurl.Http.FlurlRequest.<SendAsync>d__19.MoveNext()
   --- End of inner exception stack trace ---
   at Flurl.Http.FlurlRequest.<SendAsync>d__19.MoveNext()
--- End of stack trace from previous location where exception was thrown ---
   at System.Runtime.ExceptionServices.ExceptionDispatchInfo.Throw()
   at Flurl.Http.FlurlRequest.<SendAsync>d__19.MoveNext()
--- End of stack trace from previous location where exception was thrown ---
   at System.Runtime.ExceptionServices.ExceptionDispatchInfo.Throw()
   at System.Runtime.CompilerServices.TaskAwaiter.HandleNonSuccessAndDebuggerNotification(Task task)
   at Flurl.Http.HttpResponseMessageExtensions.<ReceiveJson>d__0`1.MoveNext()
--- End of stack trace from previous location where exception was thrown ---
   at System.Runtime.ExceptionServices.ExceptionDispatchInfo.Throw()
   at System.Runtime.CompilerServices.TaskAwaiter.HandleNonSuccessAndDebuggerNotification(Task task)
   at Flurl.Http.HttpResponseMessageExtensions.<ReceiveJson>d__1.MoveNext()
--- End of stack trace from previous location where exception was thrown ---
   at System.Runtime.ExceptionServices.ExceptionDispatchInfo.Throw()
   at System.Runtime.CompilerServices.TaskAwaiter.HandleNonSuccessAndDebuggerNotification(Task task)
   at System.Runtime.CompilerServices.TaskAwaiter`1.GetResult()
   at Hydra.Admin.API.Controllers.GameController.<>c__DisplayClass28_0.<<GetProduct>b__0>d.MoveNext() in E:\PH.Game\Hydra\AdminServer\01.Hydra.Admin.Presentation\Hydra.Admin.API\Controllers\GameController.cs:line 678
--- End of stack trace from previous location where exception was thrown ---
   at System.Runtime.ExceptionServices.ExceptionDispatchInfo.Throw()
   at System.Runtime.CompilerServices.TaskAwaiter.HandleNonSuccessAndDebuggerNotification(Task task)
   at System.Runtime.CompilerServices.TaskAwaiter`1.GetResult()
   at Hydra.Admin.API.Controllers.BaseAPIController.<APIFuncOTAsync>d__4.MoveNext() in E:\PH.Game\Hydra\AdminServer\01.Hydra.Admin.Presentation\Hydra.Admin.API\Controllers\BaseAPIController.cs:line 120 
 ExecutionContext.Run => <APIFuncOTAsync>d__4.MoveNext => Log.Error 

2018-02-02 09:52:09.0720 | Error | ---获取充值商品--- Flurl.Http.FlurlHttpException: GET http://192.168.0.180:58083/getProduct.nd?p=1&size=20 failed. An error occurred while sending the request. ---> System.Net.Http.HttpRequestException: An error occurred while sending the request. ---> System.Net.Http.WinHttpException: 与服务器的连接意外终止
   at System.Runtime.ExceptionServices.ExceptionDispatchInfo.Throw()
   at System.Threading.Tasks.RendezvousAwaitable`1.GetResult()
   at System.Net.Http.WinHttpHandler.<StartRequest>d__105.MoveNext()
   --- End of inner exception stack trace ---
   at System.Runtime.ExceptionServices.ExceptionDispatchInfo.Throw()
   at System.Runtime.CompilerServices.TaskAwaiter.HandleNonSuccessAndDebuggerNotification(Task task)
   at System.Runtime.CompilerServices.ConfiguredTaskAwaitable`1.ConfiguredTaskAwaiter.GetResult()
   at System.Net.Http.DiagnosticsHandler.<SendAsync>d__2.MoveNext()
--- End of stack trace from previous location where exception was thrown ---
   at System.Runtime.ExceptionServices.ExceptionDispatchInfo.Throw()
   at System.Runtime.CompilerServices.TaskAwaiter.HandleNonSuccessAndDebuggerNotification(Task task)
   at System.Runtime.CompilerServices.ConfiguredTaskAwaitable`1.ConfiguredTaskAwaiter.GetResult()
   at System.Net.Http.HttpClient.<FinishSendAsyncBuffered>d__58.MoveNext()
--- End of stack trace from previous location where exception was thrown ---
   at System.Runtime.ExceptionServices.ExceptionDispatchInfo.Throw()
   at System.Runtime.CompilerServices.TaskAwaiter.HandleNonSuccessAndDebuggerNotification(Task task)
   at Flurl.Http.FlurlRequest.<SendAsync>d__19.MoveNext()
   --- End of inner exception stack trace ---
   at Flurl.Http.FlurlRequest.<SendAsync>d__19.MoveNext()
--- End of stack trace from previous location where exception was thrown ---
   at System.Runtime.ExceptionServices.ExceptionDispatchInfo.Throw()
   at Flurl.Http.FlurlRequest.<SendAsync>d__19.MoveNext()
--- End of stack trace from previous location where exception was thrown ---
   at System.Runtime.ExceptionServices.ExceptionDispatchInfo.Throw()
   at System.Runtime.CompilerServices.TaskAwaiter.HandleNonSuccessAndDebuggerNotification(Task task)
   at Flurl.Http.HttpResponseMessageExtensions.<ReceiveJson>d__0`1.MoveNext()
--- End of stack trace from previous location where exception was thrown ---
   at System.Runtime.ExceptionServices.ExceptionDispatchInfo.Throw()
   at System.Runtime.CompilerServices.TaskAwaiter.HandleNonSuccessAndDebuggerNotification(Task task)
   at Flurl.Http.HttpResponseMessageExtensions.<ReceiveJson>d__1.MoveNext()
--- End of stack trace from previous location where exception was thrown ---
   at System.Runtime.ExceptionServices.ExceptionDispatchInfo.Throw()
   at System.Runtime.CompilerServices.TaskAwaiter.HandleNonSuccessAndDebuggerNotification(Task task)
   at System.Runtime.CompilerServices.TaskAwaiter`1.GetResult()
   at Hydra.Admin.API.Controllers.GameController.<>c__DisplayClass28_0.<<GetProduct>b__0>d.MoveNext() in E:\PH.Game\Hydra\AdminServer\01.Hydra.Admin.Presentation\Hydra.Admin.API\Controllers\GameController.cs:line 678
--- End of stack trace from previous location where exception was thrown ---
   at System.Runtime.ExceptionServices.ExceptionDispatchInfo.Throw()
   at System.Runtime.CompilerServices.TaskAwaiter.HandleNonSuccessAndDebuggerNotification(Task task)
   at System.Runtime.CompilerServices.TaskAwaiter`1.GetResult()
   at Hydra.Admin.API.Controllers.BaseAPIController.<APIFuncOTAsync>d__4.MoveNext() in E:\PH.Game\Hydra\AdminServer\01.Hydra.Admin.Presentation\Hydra.Admin.API\Controllers\BaseAPIController.cs:line 120 
 ExecutionContext.Run => <APIFuncOTAsync>d__4.MoveNext => Log.Error 

2018-02-02 09:53:10.5155 | Error | ---获取充值商品--- Flurl.Http.FlurlHttpException: GET http://192.168.0.180:58083/getProduct.nd?p=1&size=20 failed. An error occurred while sending the request. ---> System.Net.Http.HttpRequestException: An error occurred while sending the request. ---> System.Net.Http.WinHttpException: 与服务器的连接意外终止
   at System.Runtime.ExceptionServices.ExceptionDispatchInfo.Throw()
   at System.Threading.Tasks.RendezvousAwaitable`1.GetResult()
   at System.Net.Http.WinHttpHandler.<StartRequest>d__105.MoveNext()
   --- End of inner exception stack trace ---
   at System.Runtime.ExceptionServices.ExceptionDispatchInfo.Throw()
   at System.Runtime.CompilerServices.TaskAwaiter.HandleNonSuccessAndDebuggerNotification(Task task)
   at System.Runtime.CompilerServices.ConfiguredTaskAwaitable`1.ConfiguredTaskAwaiter.GetResult()
   at System.Net.Http.DiagnosticsHandler.<SendAsync>d__2.MoveNext()
--- End of stack trace from previous location where exception was thrown ---
   at System.Runtime.ExceptionServices.ExceptionDispatchInfo.Throw()
   at System.Runtime.CompilerServices.TaskAwaiter.HandleNonSuccessAndDebuggerNotification(Task task)
   at System.Runtime.CompilerServices.ConfiguredTaskAwaitable`1.ConfiguredTaskAwaiter.GetResult()
   at System.Net.Http.HttpClient.<FinishSendAsyncBuffered>d__58.MoveNext()
--- End of stack trace from previous location where exception was thrown ---
   at System.Runtime.ExceptionServices.ExceptionDispatchInfo.Throw()
   at System.Runtime.CompilerServices.TaskAwaiter.HandleNonSuccessAndDebuggerNotification(Task task)
   at Flurl.Http.FlurlRequest.<SendAsync>d__19.MoveNext()
   --- End of inner exception stack trace ---
   at Flurl.Http.FlurlRequest.<SendAsync>d__19.MoveNext()
--- End of stack trace from previous location where exception was thrown ---
   at System.Runtime.ExceptionServices.ExceptionDispatchInfo.Throw()
   at Flurl.Http.FlurlRequest.<SendAsync>d__19.MoveNext()
--- End of stack trace from previous location where exception was thrown ---
   at System.Runtime.ExceptionServices.ExceptionDispatchInfo.Throw()
   at System.Runtime.CompilerServices.TaskAwaiter.HandleNonSuccessAndDebuggerNotification(Task task)
   at Flurl.Http.HttpResponseMessageExtensions.<ReceiveJson>d__0`1.MoveNext()
--- End of stack trace from previous location where exception was thrown ---
   at System.Runtime.ExceptionServices.ExceptionDispatchInfo.Throw()
   at System.Runtime.CompilerServices.TaskAwaiter.HandleNonSuccessAndDebuggerNotification(Task task)
   at Flurl.Http.HttpResponseMessageExtensions.<ReceiveJson>d__1.MoveNext()
--- End of stack trace from previous location where exception was thrown ---
   at System.Runtime.ExceptionServices.ExceptionDispatchInfo.Throw()
   at System.Runtime.CompilerServices.TaskAwaiter.HandleNonSuccessAndDebuggerNotification(Task task)
   at System.Runtime.CompilerServices.TaskAwaiter`1.GetResult()
   at Hydra.Admin.API.Controllers.GameController.<>c__DisplayClass28_0.<<GetProduct>b__0>d.MoveNext() in E:\PH.Game\Hydra\AdminServer\01.Hydra.Admin.Presentation\Hydra.Admin.API\Controllers\GameController.cs:line 678
--- End of stack trace from previous location where exception was thrown ---
   at System.Runtime.ExceptionServices.ExceptionDispatchInfo.Throw()
   at System.Runtime.CompilerServices.TaskAwaiter.HandleNonSuccessAndDebuggerNotification(Task task)
   at System.Runtime.CompilerServices.TaskAwaiter`1.GetResult()
   at Hydra.Admin.API.Controllers.BaseAPIController.<APIFuncOTAsync>d__4.MoveNext() in E:\PH.Game\Hydra\AdminServer\01.Hydra.Admin.Presentation\Hydra.Admin.API\Controllers\BaseAPIController.cs:line 120 
 ExecutionContext.Run => <APIFuncOTAsync>d__4.MoveNext => Log.Error 

2018-02-02 11:33:57.6579 | Error | DBContext.DbFunction: SqlSugar.UtilExceptions: English Message : Expression parsing does not support the current function ToShortDateString. There are many functions available in the SqlFunc class, for example, it=>SqlFunc.HasValue(it.Id)
Chinese Message : 拉姆达解析不支持当前函数ToShortDateString，SqlFunc这个类里面有大量函数可用,也许有你想要的，例如： it=>SqlFunc.HasValue(it.Id)
   at SqlSugar.Check.Exception(Boolean isException, String message, String[] args)
   at SqlSugar.MethodCallExpressionResolve.CheckMethod(MethodCallExpression expression)
   at SqlSugar.MethodCallExpressionResolve.SqlFuncMethod(ExpressionParameter parameter, MethodCallExpression express, Nullable`1 isLeft)
   at SqlSugar.MethodCallExpressionResolve..ctor(ExpressionParameter parameter)
   at SqlSugar.BaseResolve.Start()
   at SqlSugar.BinaryExpressionResolve..ctor(ExpressionParameter parameter)
   at SqlSugar.BaseResolve.Start()
   at SqlSugar.BinaryExpressionResolve..ctor(ExpressionParameter parameter)
   at SqlSugar.BaseResolve.Start()
   at SqlSugar.LambdaExpressionResolve..ctor(ExpressionParameter parameter)
   at SqlSugar.BaseResolve.Start()
   at SqlSugar.ExpressionContext.Resolve(Expression expression, ResolveExpressType resolveType)
   at SqlSugar.QueryBuilder.GetExpressionValue(Expression expression, ResolveExpressType resolveType)
   at SqlSugar.QueryableProvider`1._Where(Expression expression)
   at SqlSugar.QueryableProvider`1.Where(Expression`1 expression)
   at Hydra.Admin.Services.AnalysisGameProfitService.<>c__DisplayClass0_0.<GetGameProfitView>b__0(SqlSugarClient db) in E:\PH.Game\Hydra\AdminServer\02.Hydra.Admin.Domain\Hydra.Admin.Services\Analysis\AnalysisGameProfitService.cs:line 30
   at Hydra.Admin.DataAccess.SugarContext`1.DbFunction(Func`2 func, Object def) in E:\PH.Game\Hydra\AdminServer\02.Hydra.Admin.Domain\Hydra.Admin.DataAccess\Context\SugarContext.cs:line 131 
 AnalysisGameProfitService.GetGameProfitView => SugarContext`1.DbFunction => Log.Error 

2018-02-02 11:34:51.9548 | Error | DBContext.DbFunction: SqlSugar.UtilExceptions: English Message : Expression parsing does not support the current function ToShortDateString. There are many functions available in the SqlFunc class, for example, it=>SqlFunc.HasValue(it.Id)
Chinese Message : 拉姆达解析不支持当前函数ToShortDateString，SqlFunc这个类里面有大量函数可用,也许有你想要的，例如： it=>SqlFunc.HasValue(it.Id)
   at SqlSugar.Check.Exception(Boolean isException, String message, String[] args)
   at SqlSugar.MethodCallExpressionResolve.CheckMethod(MethodCallExpression expression)
   at SqlSugar.MethodCallExpressionResolve.SqlFuncMethod(ExpressionParameter parameter, MethodCallExpression express, Nullable`1 isLeft)
   at SqlSugar.MethodCallExpressionResolve..ctor(ExpressionParameter parameter)
   at SqlSugar.BaseResolve.Start()
   at SqlSugar.BinaryExpressionResolve..ctor(ExpressionParameter parameter)
   at SqlSugar.BaseResolve.Start()
   at SqlSugar.BinaryExpressionResolve..ctor(ExpressionParameter parameter)
   at SqlSugar.BaseResolve.Start()
   at SqlSugar.LambdaExpressionResolve..ctor(ExpressionParameter parameter)
   at SqlSugar.BaseResolve.Start()
   at SqlSugar.ExpressionContext.Resolve(Expression expression, ResolveExpressType resolveType)
   at SqlSugar.QueryBuilder.GetExpressionValue(Expression expression, ResolveExpressType resolveType)
   at SqlSugar.QueryableProvider`1._Where(Expression expression)
   at SqlSugar.QueryableProvider`1.Where(Expression`1 expression)
   at Hydra.Admin.Services.AnalysisGameProfitService.<>c__DisplayClass0_0.<GetGameProfitView>b__0(SqlSugarClient db) in E:\PH.Game\Hydra\AdminServer\02.Hydra.Admin.Domain\Hydra.Admin.Services\Analysis\AnalysisGameProfitService.cs:line 30
   at Hydra.Admin.DataAccess.SugarContext`1.DbFunction(Func`2 func, Object def) in E:\PH.Game\Hydra\AdminServer\02.Hydra.Admin.Domain\Hydra.Admin.DataAccess\Context\SugarContext.cs:line 131 
 AnalysisGameProfitService.GetGameProfitView => SugarContext`1.DbFunction => Log.Error 

2018-02-02 11:35:18.8248 | Error | DBContext.DbFunction: SqlSugar.UtilExceptions: English Message : Expression parsing does not support the current function ToShortDateString. There are many functions available in the SqlFunc class, for example, it=>SqlFunc.HasValue(it.Id)
Chinese Message : 拉姆达解析不支持当前函数ToShortDateString，SqlFunc这个类里面有大量函数可用,也许有你想要的，例如： it=>SqlFunc.HasValue(it.Id)
   at SqlSugar.Check.Exception(Boolean isException, String message, String[] args)
   at SqlSugar.MethodCallExpressionResolve.CheckMethod(MethodCallExpression expression)
   at SqlSugar.MethodCallExpressionResolve.SqlFuncMethod(ExpressionParameter parameter, MethodCallExpression express, Nullable`1 isLeft)
   at SqlSugar.MethodCallExpressionResolve..ctor(ExpressionParameter parameter)
   at SqlSugar.BaseResolve.Start()
   at SqlSugar.BinaryExpressionResolve..ctor(ExpressionParameter parameter)
   at SqlSugar.BaseResolve.Start()
   at SqlSugar.BinaryExpressionResolve..ctor(ExpressionParameter parameter)
   at SqlSugar.BaseResolve.Start()
   at SqlSugar.LambdaExpressionResolve..ctor(ExpressionParameter parameter)
   at SqlSugar.BaseResolve.Start()
   at SqlSugar.ExpressionContext.Resolve(Expression expression, ResolveExpressType resolveType)
   at SqlSugar.QueryBuilder.GetExpressionValue(Expression expression, ResolveExpressType resolveType)
   at SqlSugar.QueryableProvider`1._Where(Expression expression)
   at SqlSugar.QueryableProvider`1.Where(Expression`1 expression)
   at Hydra.Admin.Services.AnalysisGameProfitService.<>c__DisplayClass0_0.<GetGameProfitView>b__0(SqlSugarClient db) in E:\PH.Game\Hydra\AdminServer\02.Hydra.Admin.Domain\Hydra.Admin.Services\Analysis\AnalysisGameProfitService.cs:line 30
   at Hydra.Admin.DataAccess.SugarContext`1.DbFunction(Func`2 func, Object def) in E:\PH.Game\Hydra\AdminServer\02.Hydra.Admin.Domain\Hydra.Admin.DataAccess\Context\SugarContext.cs:line 131 
 AnalysisGameProfitService.GetGameProfitView => SugarContext`1.DbFunction => Log.Error 

2018-02-02 11:36:06.1617 | Error | DBContext.DbFunction: SqlSugar.UtilExceptions: English Message : Expression parsing does not support the current function ToShortDateString. There are many functions available in the SqlFunc class, for example, it=>SqlFunc.HasValue(it.Id)
Chinese Message : 拉姆达解析不支持当前函数ToShortDateString，SqlFunc这个类里面有大量函数可用,也许有你想要的，例如： it=>SqlFunc.HasValue(it.Id)
   at SqlSugar.Check.Exception(Boolean isException, String message, String[] args)
   at SqlSugar.MethodCallExpressionResolve.CheckMethod(MethodCallExpression expression)
   at SqlSugar.MethodCallExpressionResolve.SqlFuncMethod(ExpressionParameter parameter, MethodCallExpression express, Nullable`1 isLeft)
   at SqlSugar.MethodCallExpressionResolve..ctor(ExpressionParameter parameter)
   at SqlSugar.BaseResolve.Start()
   at SqlSugar.BinaryExpressionResolve..ctor(ExpressionParameter parameter)
   at SqlSugar.BaseResolve.Start()
   at SqlSugar.BinaryExpressionResolve..ctor(ExpressionParameter parameter)
   at SqlSugar.BaseResolve.Start()
   at SqlSugar.LambdaExpressionResolve..ctor(ExpressionParameter parameter)
   at SqlSugar.BaseResolve.Start()
   at SqlSugar.ExpressionContext.Resolve(Expression expression, ResolveExpressType resolveType)
   at SqlSugar.QueryBuilder.GetExpressionValue(Expression expression, ResolveExpressType resolveType)
   at SqlSugar.QueryableProvider`1._Where(Expression expression)
   at SqlSugar.QueryableProvider`1.Where(Expression`1 expression)
   at Hydra.Admin.Services.AnalysisGameProfitService.<>c__DisplayClass0_0.<GetGameProfitView>b__0(SqlSugarClient db) in E:\PH.Game\Hydra\AdminServer\02.Hydra.Admin.Domain\Hydra.Admin.Services\Analysis\AnalysisGameProfitService.cs:line 30
   at Hydra.Admin.DataAccess.SugarContext`1.DbFunction(Func`2 func, Object def) in E:\PH.Game\Hydra\AdminServer\02.Hydra.Admin.Domain\Hydra.Admin.DataAccess\Context\SugarContext.cs:line 131 
 AnalysisGameProfitService.GetGameProfitView => SugarContext`1.DbFunction => Log.Error 

