2018-03-14 10:40:07.0893 | Debug | 执行 SQL 语句 如下:SELECT DATE_FORMAT(createTime,'%Y-%m-%d') PrimaryKey,SUM(gold) Number FROM  playergold where goldType=@goldType And createTime BETWEEN @startTime AND @endTime GROUP BY DATE_FORMAT(createTime,'%Y-%m-%d') 
2018-03-14 10:40:07.1016 | Debug |  提交参数 :{"@startTime":"2018-03-07T00:00:00","@endTime":"2018-03-15T00:00:00","@goldType":1} 
2018-03-14 10:40:09.4921 | Debug | 执行 SQL 语句 如下:SELECT DATE_FORMAT(createTime,'%Y-%m-%d') PrimaryKey,COUNT(1) Number FROM  playergold where goldType=@goldType And createTime BETWEEN @startTime AND @endTime GROUP BY DATE_FORMAT(createTime,'%Y-%m-%d') 
2018-03-14 10:40:09.4921 | Debug |  提交参数 :{"@startTime":"2018-03-07T00:00:00","@endTime":"2018-03-15T00:00:00","@goldType":1} 
2018-03-14 10:40:10.3862 | Debug | 执行 SQL 语句 如下:SELECT A.PrimaryKey,COUNT(1) Number FROM(SELECT DATE_FORMAT(createTime,'%Y-%m-%d') PrimaryKey,playerId FROM  playergold where goldType=@goldType And createTime BETWEEN @startTime AND @endTime GROUP BY DATE_FORMAT(createTime,'%Y-%m-%d'),playerId) A GROUP BY A.PrimaryKey 
2018-03-14 10:40:10.3862 | Debug |  提交参数 :{"@startTime":"2018-03-07T00:00:00","@endTime":"2018-03-15T00:00:00","@goldType":1} 
2018-03-14 10:40:11.0793 | Debug | 执行 SQL 语句 如下:SELECT DATE_FORMAT(createTime,'%Y-%m-%d') PrimaryKey,COUNT(1) Number FROM  playergold where goldType=@goldType And createTime BETWEEN @startTime AND @endTime GROUP BY DATE_FORMAT(createTime,'%Y-%m-%d') 
2018-03-14 10:40:11.0862 | Debug |  提交参数 :{"@startTime":"2018-03-07T00:00:00","@endTime":"2018-03-15T00:00:00","@goldType":1} 
2018-03-14 10:40:12.0106 | Debug | 执行 SQL 语句 如下:SELECT DATE_FORMAT(createTime,'%Y-%m-%d') PrimaryKey,SUM(gold) Number FROM  playergold where goldType=@goldType And createTime BETWEEN @startTime AND @endTime GROUP BY DATE_FORMAT(createTime,'%Y-%m-%d') 
2018-03-14 10:40:12.0106 | Debug |  提交参数 :{"@startTime":"2018-03-07T00:00:00","@endTime":"2018-03-15T00:00:00","@goldType":1} 
2018-03-14 10:40:14.2595 | Debug | 执行 SQL 语句 如下:SELECT DATE_FORMAT(createTime,'%Y-%m-%d') PrimaryKey,COUNT(1) Number FROM  playergold where goldType=@goldType And createTime BETWEEN @startTime AND @endTime GROUP BY DATE_FORMAT(createTime,'%Y-%m-%d') 
2018-03-14 10:40:14.2595 | Debug |  提交参数 :{"@startTime":"2018-03-07T00:00:00","@endTime":"2018-03-15T00:00:00","@goldType":1} 
2018-03-14 10:40:15.2630 | Debug | 执行 SQL 语句 如下:SELECT A.PrimaryKey,COUNT(1) Number FROM(SELECT DATE_FORMAT(createTime,'%Y-%m-%d') PrimaryKey,playerId FROM  playergold where goldType=@goldType And createTime BETWEEN @startTime AND @endTime GROUP BY DATE_FORMAT(createTime,'%Y-%m-%d'),playerId) A GROUP BY A.PrimaryKey 
2018-03-14 10:40:15.2630 | Debug |  提交参数 :{"@startTime":"2018-03-07T00:00:00","@endTime":"2018-03-15T00:00:00","@goldType":1} 
2018-03-14 10:40:18.5255 | Debug | 执行 SQL 语句 如下:SELECT DATE_FORMAT(createTime,'%Y-%m-%d') PrimaryKey,SUM(gold) Number FROM  playergold where goldType=@goldType And createTime BETWEEN @startTime AND @endTime GROUP BY DATE_FORMAT(createTime,'%Y-%m-%d') 
2018-03-14 10:40:18.5255 | Debug |  提交参数 :{"@startTime":"2018-03-07T00:00:00","@endTime":"2018-03-15T00:00:00","@goldType":1} 
2018-03-14 10:40:19.4144 | Debug | 执行 SQL 语句 如下:SELECT DATE_FORMAT(createTime,'%Y-%m-%d') PrimaryKey,SUM(gold) Number FROM  playergold where goldType=@goldType And createTime BETWEEN @startTime AND @endTime GROUP BY DATE_FORMAT(createTime,'%Y-%m-%d') 
2018-03-14 10:40:19.4144 | Debug |  提交参数 :{"@startTime":"2018-03-07T00:00:00","@endTime":"2018-03-15T00:00:00","@goldType":1} 
2018-03-14 10:40:19.8549 | Debug | 执行 SQL 语句 如下:SELECT DATE_FORMAT(createTime,'%Y-%m-%d') PrimaryKey,SUM(gold) Number FROM  playergold where goldType=@goldType And createTime BETWEEN @startTime AND @endTime GROUP BY DATE_FORMAT(createTime,'%Y-%m-%d') 
2018-03-14 10:40:19.8549 | Debug |  提交参数 :{"@startTime":"2018-03-07T00:00:00","@endTime":"2018-03-15T00:00:00","@goldType":1} 
2018-03-14 10:40:20.0473 | Debug | 执行 SQL 语句 如下:SELECT DATE_FORMAT(createTime,'%Y-%m-%d') PrimaryKey,SUM(gold) Number FROM  playergold where goldType=@goldType And createTime BETWEEN @startTime AND @endTime GROUP BY DATE_FORMAT(createTime,'%Y-%m-%d') 
2018-03-14 10:40:20.0552 | Debug |  提交参数 :{"@startTime":"2018-03-07T00:00:00","@endTime":"2018-03-15T00:00:00","@goldType":1} 
2018-03-14 10:40:20.2493 | Debug | 执行 SQL 语句 如下:SELECT DATE_FORMAT(createTime,'%Y-%m-%d') PrimaryKey,SUM(gold) Number FROM  playergold where goldType=@goldType And createTime BETWEEN @startTime AND @endTime GROUP BY DATE_FORMAT(createTime,'%Y-%m-%d') 
2018-03-14 10:40:20.2493 | Debug |  提交参数 :{"@startTime":"2018-03-07T00:00:00","@endTime":"2018-03-15T00:00:00","@goldType":1} 
2018-03-14 10:42:45.4636 | Debug | 执行 SQL 语句 如下:SELECT DATE_FORMAT(createTime,'%Y-%m-%d') PrimaryKey,COUNT(1) Number FROM  playergold where goldType=@goldType And createTime BETWEEN @startTime AND @endTime GROUP BY DATE_FORMAT(createTime,'%Y-%m-%d') 
2018-03-14 10:42:45.4636 | Debug |  提交参数 :{"@startTime":"2018-03-07T00:00:00","@endTime":"2018-03-15T00:00:00","@goldType":1} 
2018-03-14 10:42:45.9687 | Debug | 执行 SQL 语句 如下:SELECT A.PrimaryKey,COUNT(1) Number FROM(SELECT DATE_FORMAT(createTime,'%Y-%m-%d') PrimaryKey,playerId FROM  playergold where goldType=@goldType And createTime BETWEEN @startTime AND @endTime GROUP BY DATE_FORMAT(createTime,'%Y-%m-%d'),playerId) A GROUP BY A.PrimaryKey 
2018-03-14 10:42:45.9770 | Debug |  提交参数 :{"@startTime":"2018-03-07T00:00:00","@endTime":"2018-03-15T00:00:00","@goldType":1} 
2018-03-14 10:42:48.1037 | Debug | 执行 SQL 语句 如下: SELECT COUNT(1) FROM (SELECT `User`,`IP`,`Types`,`Controller`,`Action`,`Remark`,`Id`,`SortNumber`,`IsEnable`,`CreateTime`,`ModifyTime` FROM `Logs`  WHERE (( 1 = 1 ) AND(( `CreateTime` >= @CreateTime1 ) AND ( `CreateTime` < @CreateTime2 ))) ) CountTable  
2018-03-14 10:42:48.1037 | Debug |  提交参数 :{"@CreateTime1":"2018-03-07T00:00:00","@CreateTime2":"2018-03-15T00:00:00"} 
2018-03-14 10:42:48.1540 | Debug | 执行 SQL 语句 如下:SELECT `User`,`IP`,`Types`,`Controller`,`Action`,`Remark`,`Id`,`SortNumber`,`IsEnable`,`CreateTime`,`ModifyTime` FROM `Logs`   WHERE (( 1 = 1 ) AND(( `CreateTime` >= @CreateTime1 ) AND ( `CreateTime` < @CreateTime2 )))  ORDER BY `CreateTime` DESC LIMIT 0,15 
2018-03-14 10:42:48.1540 | Debug |  提交参数 :{"@CreateTime1":"2018-03-07T00:00:00","@CreateTime2":"2018-03-15T00:00:00"} 
2018-03-14 10:42:57.1349 | Debug | 执行 SQL 语句 如下: SELECT COUNT(1) FROM (SELECT `User`,`IP`,`Types`,`Controller`,`Action`,`Remark`,`Id`,`SortNumber`,`IsEnable`,`CreateTime`,`ModifyTime` FROM `Logs`  WHERE (( 1 = 1 ) AND(( `CreateTime` >= @CreateTime1 ) AND ( `CreateTime` < @CreateTime2 ))) ) CountTable  
2018-03-14 10:42:57.1349 | Debug |  提交参数 :{"@CreateTime1":"2018-03-07T00:00:00","@CreateTime2":"2018-03-15T00:00:00"} 
2018-03-14 10:42:57.1518 | Debug | 执行 SQL 语句 如下:SELECT `User`,`IP`,`Types`,`Controller`,`Action`,`Remark`,`Id`,`SortNumber`,`IsEnable`,`CreateTime`,`ModifyTime` FROM `Logs`   WHERE (( 1 = 1 ) AND(( `CreateTime` >= @CreateTime1 ) AND ( `CreateTime` < @CreateTime2 )))  ORDER BY `CreateTime` DESC LIMIT 15,15 
2018-03-14 10:42:57.1518 | Debug |  提交参数 :{"@CreateTime1":"2018-03-07T00:00:00","@CreateTime2":"2018-03-15T00:00:00"} 
2018-03-14 10:43:00.4486 | Debug | 执行 SQL 语句 如下: SELECT COUNT(1) FROM (SELECT `User`,`IP`,`Types`,`Controller`,`Action`,`Remark`,`Id`,`SortNumber`,`IsEnable`,`CreateTime`,`ModifyTime` FROM `Logs`  WHERE (( 1 = 1 ) AND(( `CreateTime` >= @CreateTime1 ) AND ( `CreateTime` < @CreateTime2 ))) ) CountTable  
2018-03-14 10:43:00.4486 | Debug |  提交参数 :{"@CreateTime1":"2018-03-07T00:00:00","@CreateTime2":"2018-03-15T00:00:00"} 
2018-03-14 10:43:00.4696 | Debug | 执行 SQL 语句 如下:SELECT `User`,`IP`,`Types`,`Controller`,`Action`,`Remark`,`Id`,`SortNumber`,`IsEnable`,`CreateTime`,`ModifyTime` FROM `Logs`   WHERE (( 1 = 1 ) AND(( `CreateTime` >= @CreateTime1 ) AND ( `CreateTime` < @CreateTime2 )))  ORDER BY `CreateTime` DESC LIMIT 0,15 
2018-03-14 10:43:00.4696 | Debug |  提交参数 :{"@CreateTime1":"2018-03-07T00:00:00","@CreateTime2":"2018-03-15T00:00:00"} 
2018-03-14 10:43:02.0933 | Debug | 执行 SQL 语句 如下: SELECT COUNT(1) FROM (SELECT `User`,`IP`,`Types`,`Controller`,`Action`,`Remark`,`Id`,`SortNumber`,`IsEnable`,`CreateTime`,`ModifyTime` FROM `Logs`  WHERE (( 1 = 1 ) AND(( `CreateTime` >= @CreateTime1 ) AND ( `CreateTime` < @CreateTime2 ))) ) CountTable  
2018-03-14 10:43:02.0933 | Debug |  提交参数 :{"@CreateTime1":"2018-03-07T00:00:00","@CreateTime2":"2018-03-15T00:00:00"} 
2018-03-14 10:43:02.1134 | Debug | 执行 SQL 语句 如下:SELECT `User`,`IP`,`Types`,`Controller`,`Action`,`Remark`,`Id`,`SortNumber`,`IsEnable`,`CreateTime`,`ModifyTime` FROM `Logs`   WHERE (( 1 = 1 ) AND(( `CreateTime` >= @CreateTime1 ) AND ( `CreateTime` < @CreateTime2 )))  ORDER BY `CreateTime` DESC LIMIT 15,15 
2018-03-14 10:43:02.1134 | Debug |  提交参数 :{"@CreateTime1":"2018-03-07T00:00:00","@CreateTime2":"2018-03-15T00:00:00"} 
2018-03-14 10:43:05.2134 | Debug | 执行 SQL 语句 如下: SELECT COUNT(1) FROM (SELECT `User`,`IP`,`Types`,`Controller`,`Action`,`Remark`,`Id`,`SortNumber`,`IsEnable`,`CreateTime`,`ModifyTime` FROM `Logs`  WHERE (( 1 = 1 ) AND(( `CreateTime` >= @CreateTime1 ) AND ( `CreateTime` < @CreateTime2 ))) ) CountTable  
2018-03-14 10:43:05.2134 | Debug |  提交参数 :{"@CreateTime1":"2018-03-07T00:00:00","@CreateTime2":"2018-03-15T00:00:00"} 
2018-03-14 10:43:05.2355 | Debug | 执行 SQL 语句 如下:SELECT `User`,`IP`,`Types`,`Controller`,`Action`,`Remark`,`Id`,`SortNumber`,`IsEnable`,`CreateTime`,`ModifyTime` FROM `Logs`   WHERE (( 1 = 1 ) AND(( `CreateTime` >= @CreateTime1 ) AND ( `CreateTime` < @CreateTime2 )))  ORDER BY `CreateTime` DESC LIMIT 0,15 
2018-03-14 10:43:05.2355 | Debug |  提交参数 :{"@CreateTime1":"2018-03-07T00:00:00","@CreateTime2":"2018-03-15T00:00:00"} 
2018-03-14 10:43:12.3521 | Debug | 执行 SQL 语句 如下: SELECT COUNT(1) FROM (SELECT `User`,`IP`,`Types`,`Controller`,`Action`,`Remark`,`Id`,`SortNumber`,`IsEnable`,`CreateTime`,`ModifyTime` FROM `Logs`  WHERE (( 1 = 1 ) AND(( `CreateTime` >= @CreateTime1 ) AND ( `CreateTime` < @CreateTime2 ))) ) CountTable  
2018-03-14 10:43:12.3521 | Debug |  提交参数 :{"@CreateTime1":"2018-02-12T00:00:00","@CreateTime2":"2018-03-15T00:00:00"} 
2018-03-14 10:43:12.3679 | Debug | 执行 SQL 语句 如下:SELECT `User`,`IP`,`Types`,`Controller`,`Action`,`Remark`,`Id`,`SortNumber`,`IsEnable`,`CreateTime`,`ModifyTime` FROM `Logs`   WHERE (( 1 = 1 ) AND(( `CreateTime` >= @CreateTime1 ) AND ( `CreateTime` < @CreateTime2 )))  ORDER BY `CreateTime` DESC LIMIT 0,15 
2018-03-14 10:43:12.3679 | Debug |  提交参数 :{"@CreateTime1":"2018-02-12T00:00:00","@CreateTime2":"2018-03-15T00:00:00"} 
2018-03-14 10:43:15.2125 | Debug | 执行 SQL 语句 如下: SELECT COUNT(1) FROM (SELECT `User`,`IP`,`Types`,`Controller`,`Action`,`Remark`,`Id`,`SortNumber`,`IsEnable`,`CreateTime`,`ModifyTime` FROM `Logs`  WHERE (( 1 = 1 ) AND(( `CreateTime` >= @CreateTime1 ) AND ( `CreateTime` < @CreateTime2 ))) ) CountTable  
2018-03-14 10:43:15.2125 | Debug |  提交参数 :{"@CreateTime1":"2018-02-12T00:00:00","@CreateTime2":"2018-03-15T00:00:00"} 
2018-03-14 10:43:15.2125 | Debug | 执行 SQL 语句 如下:SELECT `User`,`IP`,`Types`,`Controller`,`Action`,`Remark`,`Id`,`SortNumber`,`IsEnable`,`CreateTime`,`ModifyTime` FROM `Logs`   WHERE (( 1 = 1 ) AND(( `CreateTime` >= @CreateTime1 ) AND ( `CreateTime` < @CreateTime2 )))  ORDER BY `CreateTime` DESC LIMIT 30,15 
2018-03-14 10:43:15.2274 | Debug |  提交参数 :{"@CreateTime1":"2018-02-12T00:00:00","@CreateTime2":"2018-03-15T00:00:00"} 
